[07:38:00] This is prokka 1.14.6
[07:38:00] Written by Torsten Seemann <torsten.seemann@gmail.com>
[07:38:00] Homepage is https://github.com/tseemann/prokka
[07:38:00] Local time is Sat May 30 07:38:00 2020
[07:38:00] You are ubuntu
[07:38:00] Operating system is linux
[07:38:00] You have BioPerl 1.007002
[07:38:00] System has 8 cores.
[07:38:00] Will use maximum of 4 cores.
[07:38:00] Annotating as >>> Viruses <<<
[07:38:00] Generating locus_tag from 'example_data/1/NC_027365.1_caudo.fasta' contents.
[07:38:00] Setting --locustag FJJNNHDD from MD5 f33771dd90694649f9d8c84a6394f98b
[07:38:00] Enabling options to ensure Genbank/ENA/DDJB submission compliance.
[07:38:00] Creating new output folder: example_data/1/results/prokka/NC_027365.1_caudo
[07:38:00] Running: mkdir -p example_data\/1\/results\/prokka\/NC_027365\.1_caudo
[07:38:00] Using filename prefix: prokka_results_NC_027365.1_caudo.XXX
[07:38:00] Setting HMMER_NCPU=1
[07:38:00] Writing log to: example_data/1/results/prokka/NC_027365.1_caudo/prokka_results_NC_027365.1_caudo.log
[07:38:00] Command: /home/ubuntu/miniconda2/envs/test-marvel/bin/prokka --kingdom Viruses --centre X --compliant --gcode 11 --cpus 4 --force --quiet --prefix prokka_results_NC_027365.1_caudo --fast --norrna --notrna --outdir example_data/1/results/prokka/NC_027365.1_caudo --cdsrnaolap --noanno example_data/1/NC_027365.1_caudo.fasta
[07:38:00] Appending to PATH: /home/ubuntu/miniconda2/envs/test-marvel/bin
[07:38:00] Looking for 'aragorn' - found /home/ubuntu/miniconda2/envs/test-marvel/bin/aragorn
[07:38:00] Determined aragorn version is 001002 from 'ARAGORN v1.2.38 Dean Laslett'
[07:38:00] Looking for 'barrnap' - found /home/ubuntu/miniconda2/envs/test-marvel/bin/barrnap
[07:38:00] Determined barrnap version is 000009 from 'barrnap 0.9'
[07:38:00] Looking for 'blastp' - found /home/ubuntu/miniconda2/envs/test-marvel/bin/blastp
[07:38:00] Determined blastp version is 002009 from 'blastp: 2.9.0+'
[07:38:00] Looking for 'cmpress' - found /home/ubuntu/miniconda2/envs/test-marvel/bin/cmpress
[07:38:00] Determined cmpress version is 001001 from '# INFERNAL 1.1.2 (July 2016)'
[07:38:00] Looking for 'cmscan' - found /home/ubuntu/miniconda2/envs/test-marvel/bin/cmscan
[07:38:00] Determined cmscan version is 001001 from '# INFERNAL 1.1.2 (July 2016)'
[07:38:00] Looking for 'egrep' - found /bin/egrep
[07:38:00] Looking for 'find' - found /usr/bin/find
[07:38:00] Looking for 'grep' - found /bin/grep
[07:38:00] Looking for 'hmmpress' - found /home/ubuntu/miniconda2/envs/test-marvel/bin/hmmpress
[07:38:00] Determined hmmpress version is 003003 from '# HMMER 3.3 (Nov 2019); http://hmmer.org/'
[07:38:00] Looking for 'hmmscan' - found /home/ubuntu/miniconda2/envs/test-marvel/bin/hmmscan
[07:38:00] Determined hmmscan version is 003003 from '# HMMER 3.3 (Nov 2019); http://hmmer.org/'
[07:38:00] Looking for 'java' - found /home/ubuntu/miniconda2/envs/test-marvel/bin/java
[07:38:00] Looking for 'makeblastdb' - found /home/ubuntu/miniconda2/envs/test-marvel/bin/makeblastdb
[07:38:00] Determined makeblastdb version is 002009 from 'makeblastdb: 2.9.0+'
[07:38:00] Looking for 'minced' - found /home/ubuntu/miniconda2/envs/test-marvel/bin/minced
[07:38:01] Determined minced version is 004002 from 'minced 0.4.2'
[07:38:01] Looking for 'parallel' - found /home/ubuntu/miniconda2/envs/test-marvel/bin/parallel
[07:38:01] Determined parallel version is 20200522 from 'GNU parallel 20200522'
[07:38:01] Looking for 'prodigal' - found /home/ubuntu/miniconda2/envs/test-marvel/bin/prodigal
[07:38:01] Determined prodigal version is 002006 from 'Prodigal V2.6.3: February, 2016'
[07:38:01] Looking for 'prokka-genbank_to_fasta_db' - found /home/ubuntu/miniconda2/envs/test-marvel/bin/prokka-genbank_to_fasta_db
[07:38:01] Looking for 'sed' - found /bin/sed
[07:38:01] Looking for 'tbl2asn' - found /home/ubuntu/miniconda2/envs/test-marvel/bin/tbl2asn
[07:38:01] Determined tbl2asn version is 025007 from 'tbl2asn 25.7   arguments:'
[07:38:01] Using genetic code table 11.
[07:38:01] Loading and checking input file: example_data/1/NC_027365.1_caudo.fasta
[07:38:01] Wrote 10 contigs totalling 80000 bp.
[07:38:01] Skipping tRNA search at user request.
[07:38:01] Disabling rRNA search: --kingdom=Viruses or --norrna=1
[07:38:01] Skipping ncRNA search, enable with --rfam if desired.
[07:38:01] Total of 0 tRNA + rRNA features
[07:38:01] Searching for CRISPR repeats
[07:38:01] Found 0 CRISPRs
[07:38:01] Predicting coding sequences
[07:38:01] Contigs total 80000 bp, so using meta mode
[07:38:01] Running: prodigal -i example_data\/1\/results\/prokka\/NC_027365\.1_caudo\/prokka_results_NC_027365\.1_caudo\.fna -c -m -g 11 -p meta -f sco -q
[07:38:02] Found 148 CDS
[07:38:02] Connecting features back to sequences
[07:38:02] Not using genus-specific database. Try --usegenus to enable it.
[07:38:02] Option --noanno enabled, so skipping CDS similarity searches
[07:38:02] Labelling remaining 148 proteins as 'unannotated protein'
[07:38:02] Found 0 unique /gene codes.
[07:38:02] Fixed 0 colliding /gene names.
[07:38:02] Adding /locus_tag identifiers
[07:38:02] Assigned 148 locus_tags to CDS and RNA features.
[07:38:02] Writing outputs to example_data/1/results/prokka/NC_027365.1_caudo/
[07:38:02] Generating annotation statistics file
[07:38:02] Generating Genbank and Sequin files
[07:38:02] Running: tbl2asn -V b -a r10k -l paired-ends -M n -N 1 -y 'Annotated using prokka 1.14.6 from https://github.com/tseemann/prokka' -Z example_data\/1\/results\/prokka\/NC_027365\.1_caudo\/prokka_results_NC_027365\.1_caudo\.err -i example_data\/1\/results\/prokka\/NC_027365\.1_caudo\/prokka_results_NC_027365\.1_caudo\.fsa 2> /dev/null
[07:38:02] Deleting unwanted file: example_data/1/results/prokka/NC_027365.1_caudo/errorsummary.val
[07:38:02] Deleting unwanted file: example_data/1/results/prokka/NC_027365.1_caudo/prokka_results_NC_027365.1_caudo.dr
[07:38:02] Deleting unwanted file: example_data/1/results/prokka/NC_027365.1_caudo/prokka_results_NC_027365.1_caudo.fixedproducts
[07:38:02] Deleting unwanted file: example_data/1/results/prokka/NC_027365.1_caudo/prokka_results_NC_027365.1_caudo.ecn
[07:38:02] Deleting unwanted file: example_data/1/results/prokka/NC_027365.1_caudo/prokka_results_NC_027365.1_caudo.val
[07:38:02] Repairing broken .GBK output that tbl2asn produces...
[07:38:02] Running: sed 's/COORDINATES: profile/COORDINATES:profile/' < example_data\/1\/results\/prokka\/NC_027365\.1_caudo\/prokka_results_NC_027365\.1_caudo\.gbf > example_data\/1\/results\/prokka\/NC_027365\.1_caudo\/prokka_results_NC_027365\.1_caudo\.gbk
[07:38:02] Deleting unwanted file: example_data/1/results/prokka/NC_027365.1_caudo/prokka_results_NC_027365.1_caudo.gbf
[07:38:02] Output files:
[07:38:02] example_data/1/results/prokka/NC_027365.1_caudo/prokka_results_NC_027365.1_caudo.fna
[07:38:02] example_data/1/results/prokka/NC_027365.1_caudo/prokka_results_NC_027365.1_caudo.log
[07:38:02] example_data/1/results/prokka/NC_027365.1_caudo/prokka_results_NC_027365.1_caudo.fsa
[07:38:02] example_data/1/results/prokka/NC_027365.1_caudo/prokka_results_NC_027365.1_caudo.faa
[07:38:02] example_data/1/results/prokka/NC_027365.1_caudo/prokka_results_NC_027365.1_caudo.txt
[07:38:02] example_data/1/results/prokka/NC_027365.1_caudo/prokka_results_NC_027365.1_caudo.ffn
[07:38:02] example_data/1/results/prokka/NC_027365.1_caudo/prokka_results_NC_027365.1_caudo.tbl
[07:38:02] example_data/1/results/prokka/NC_027365.1_caudo/prokka_results_NC_027365.1_caudo.tsv
[07:38:02] example_data/1/results/prokka/NC_027365.1_caudo/prokka_results_NC_027365.1_caudo.err
[07:38:02] example_data/1/results/prokka/NC_027365.1_caudo/prokka_results_NC_027365.1_caudo.gff
[07:38:02] example_data/1/results/prokka/NC_027365.1_caudo/prokka_results_NC_027365.1_caudo.sqn
[07:38:02] example_data/1/results/prokka/NC_027365.1_caudo/prokka_results_NC_027365.1_caudo.gbk
[07:38:02] Annotation finished successfully.
[07:38:02] Walltime used: 0.03 minutes
[07:38:02] If you use this result please cite the Prokka paper:
[07:38:02] Seemann T (2014) Prokka: rapid prokaryotic genome annotation. Bioinformatics. 30(14):2068-9.
[07:38:02] Type 'prokka --citation' for more details.
[07:38:02] Thank you, come again.
