Discrepancy Report Results

Summary
DISC_SOURCE_QUALS_ASNDISC:strain (all present, all same)
DISC_SOURCE_QUALS_ASNDISC:taxname (all present, all same)
DISC_FEATURE_COUNT:gene: 148 present
DISC_FEATURE_COUNT:CDS: 148 present
DISC_COUNT_NUCLEOTIDES:10 nucleotide Bioseqs are present
OVERLAPPING_GENES:89 genes overlap another gene on the same strand.
OVERLAPPING_CDS:89 coding regions overlap another coding region with a similar or identical name.
DISC_QUALITY_SCORES:Quality scores are missing on all sequences.
ONCALLER_COMMENT_PRESENT:10 comment descriptors were found (all same)
SHORT_PROT_SEQUENCES:6 protein sequences are shorter than 50 aa.
MISSING_GENOMEASSEMBLY_COMMENTS:10 bioseqs are missing GenomeAssembly structured comments
MOLTYPE_NOT_MRNA:10 molecule types are not set as mRNA.
TECHNIQUE_NOT_TSA:10 technique are not set as TSA
MISSING_STRUCTURED_COMMENT:10 sequences do not include structured comments.
MISSING_PROJECT:158 sequences do not include project.
DISC_INCONSISTENT_MOLINFO_TECH:Molinfo Technique Report (some missing, all same)


Detailed Report

DiscRep_ALL:DISC_SOURCE_QUALS_ASNDISC::strain (all present, all same)
DiscRep_SUB:DISC_SOURCE_QUALS_ASNDISC::10 sources have 'strain' for strain
DiscRep_ALL:DISC_SOURCE_QUALS_ASNDISC::taxname (all present, all same)
DiscRep_SUB:DISC_SOURCE_QUALS_ASNDISC::10 sources have 'Genus species' for taxname
DiscRep_ALL:DISC_FEATURE_COUNT::gene: 148 present
DiscRep_ALL:DISC_FEATURE_COUNT::CDS: 148 present
DiscRep_ALL:DISC_COUNT_NUCLEOTIDES::10 nucleotide Bioseqs are present
example_data/1/results/prokka/NC_027365.1_caudo/prokka_results_NC_027365.1_caudo:X:FJJNNHDD_1 (length 8000)
example_data/1/results/prokka/NC_027365.1_caudo/prokka_results_NC_027365.1_caudo:X:FJJNNHDD_2 (length 8000)
example_data/1/results/prokka/NC_027365.1_caudo/prokka_results_NC_027365.1_caudo:X:FJJNNHDD_3 (length 8000)
example_data/1/results/prokka/NC_027365.1_caudo/prokka_results_NC_027365.1_caudo:X:FJJNNHDD_4 (length 8000)
example_data/1/results/prokka/NC_027365.1_caudo/prokka_results_NC_027365.1_caudo:X:FJJNNHDD_5 (length 8000)
example_data/1/results/prokka/NC_027365.1_caudo/prokka_results_NC_027365.1_caudo:X:FJJNNHDD_6 (length 8000)
example_data/1/results/prokka/NC_027365.1_caudo/prokka_results_NC_027365.1_caudo:X:FJJNNHDD_7 (length 8000)
example_data/1/results/prokka/NC_027365.1_caudo/prokka_results_NC_027365.1_caudo:X:FJJNNHDD_8 (length 8000)
example_data/1/results/prokka/NC_027365.1_caudo/prokka_results_NC_027365.1_caudo:X:FJJNNHDD_9 (length 8000)
example_data/1/results/prokka/NC_027365.1_caudo/prokka_results_NC_027365.1_caudo:X:FJJNNHDD_10 (length 8000)

DiscRep_ALL:OVERLAPPING_GENES::89 genes overlap another gene on the same strand.
example_data/1/results/prokka/NC_027365.1_caudo/prokka_results_NC_027365.1_caudo:Gene	FJJNNHDD_00006	FJJNNHDD_1:3812-4057	FJJNNHDD_00006
example_data/1/results/prokka/NC_027365.1_caudo/prokka_results_NC_027365.1_caudo:Gene	FJJNNHDD_00007	FJJNNHDD_1:4054-4242	FJJNNHDD_00007
example_data/1/results/prokka/NC_027365.1_caudo/prokka_results_NC_027365.1_caudo:Gene	FJJNNHDD_00009	FJJNNHDD_1:4551-4733	FJJNNHDD_00009
example_data/1/results/prokka/NC_027365.1_caudo/prokka_results_NC_027365.1_caudo:Gene	FJJNNHDD_00010	FJJNNHDD_1:4730-5041	FJJNNHDD_00010
example_data/1/results/prokka/NC_027365.1_caudo/prokka_results_NC_027365.1_caudo:Gene	FJJNNHDD_00011	FJJNNHDD_1:5038-5349	FJJNNHDD_00011
example_data/1/results/prokka/NC_027365.1_caudo/prokka_results_NC_027365.1_caudo:Gene	FJJNNHDD_00012	FJJNNHDD_1:5342-5695	FJJNNHDD_00012
example_data/1/results/prokka/NC_027365.1_caudo/prokka_results_NC_027365.1_caudo:Gene	FJJNNHDD_00013	FJJNNHDD_1:5695-5934	FJJNNHDD_00013
example_data/1/results/prokka/NC_027365.1_caudo/prokka_results_NC_027365.1_caudo:Gene	FJJNNHDD_00015	FJJNNHDD_1:6651-7022	FJJNNHDD_00015
example_data/1/results/prokka/NC_027365.1_caudo/prokka_results_NC_027365.1_caudo:Gene	FJJNNHDD_00016	FJJNNHDD_1:7019-7228	FJJNNHDD_00016
example_data/1/results/prokka/NC_027365.1_caudo/prokka_results_NC_027365.1_caudo:Gene	FJJNNHDD_00017	FJJNNHDD_1:7225-7446	FJJNNHDD_00017
example_data/1/results/prokka/NC_027365.1_caudo/prokka_results_NC_027365.1_caudo:Gene	FJJNNHDD_00021	FJJNNHDD_2:1512-3122	FJJNNHDD_00021
example_data/1/results/prokka/NC_027365.1_caudo/prokka_results_NC_027365.1_caudo:Gene	FJJNNHDD_00022	FJJNNHDD_2:3122-3913	FJJNNHDD_00022
example_data/1/results/prokka/NC_027365.1_caudo/prokka_results_NC_027365.1_caudo:Gene	FJJNNHDD_00023	FJJNNHDD_2:3951-4349	FJJNNHDD_00023
example_data/1/results/prokka/NC_027365.1_caudo/prokka_results_NC_027365.1_caudo:Gene	FJJNNHDD_00024	FJJNNHDD_2:4346-4681	FJJNNHDD_00024
example_data/1/results/prokka/NC_027365.1_caudo/prokka_results_NC_027365.1_caudo:Gene	FJJNNHDD_00025	FJJNNHDD_2:4678-4938	FJJNNHDD_00025
example_data/1/results/prokka/NC_027365.1_caudo/prokka_results_NC_027365.1_caudo:Gene	FJJNNHDD_00026	FJJNNHDD_2:4925-6115	FJJNNHDD_00026
example_data/1/results/prokka/NC_027365.1_caudo/prokka_results_NC_027365.1_caudo:Gene	FJJNNHDD_00028	FJJNNHDD_2:6907-7206	FJJNNHDD_00028
example_data/1/results/prokka/NC_027365.1_caudo/prokka_results_NC_027365.1_caudo:Gene	FJJNNHDD_00029	FJJNNHDD_2:7203-7505	FJJNNHDD_00029
example_data/1/results/prokka/NC_027365.1_caudo/prokka_results_NC_027365.1_caudo:Gene	FJJNNHDD_00030	FJJNNHDD_2:7498-7887	FJJNNHDD_00030
example_data/1/results/prokka/NC_027365.1_caudo/prokka_results_NC_027365.1_caudo:Gene	FJJNNHDD_00033	FJJNNHDD_3:1303-1779	FJJNNHDD_00033
example_data/1/results/prokka/NC_027365.1_caudo/prokka_results_NC_027365.1_caudo:Gene	FJJNNHDD_00034	FJJNNHDD_3:1776-2516	FJJNNHDD_00034
example_data/1/results/prokka/NC_027365.1_caudo/prokka_results_NC_027365.1_caudo:Gene	FJJNNHDD_00035	FJJNNHDD_3:2541-3419	FJJNNHDD_00035
example_data/1/results/prokka/NC_027365.1_caudo/prokka_results_NC_027365.1_caudo:Gene	FJJNNHDD_00036	FJJNNHDD_3:3416-3622	FJJNNHDD_00036
example_data/1/results/prokka/NC_027365.1_caudo/prokka_results_NC_027365.1_caudo:Gene	FJJNNHDD_00037	FJJNNHDD_3:3619-4122	FJJNNHDD_00037
example_data/1/results/prokka/NC_027365.1_caudo/prokka_results_NC_027365.1_caudo:Gene	FJJNNHDD_00041	FJJNNHDD_3:5279-5656	FJJNNHDD_00041
example_data/1/results/prokka/NC_027365.1_caudo/prokka_results_NC_027365.1_caudo:Gene	FJJNNHDD_00042	FJJNNHDD_3:5653-5823	FJJNNHDD_00042
example_data/1/results/prokka/NC_027365.1_caudo/prokka_results_NC_027365.1_caudo:Gene	FJJNNHDD_00051	FJJNNHDD_4:2405-4015	FJJNNHDD_00051
example_data/1/results/prokka/NC_027365.1_caudo/prokka_results_NC_027365.1_caudo:Gene	FJJNNHDD_00052	FJJNNHDD_4:4015-4806	FJJNNHDD_00052
example_data/1/results/prokka/NC_027365.1_caudo/prokka_results_NC_027365.1_caudo:Gene	FJJNNHDD_00053	FJJNNHDD_4:4844-5242	FJJNNHDD_00053
example_data/1/results/prokka/NC_027365.1_caudo/prokka_results_NC_027365.1_caudo:Gene	FJJNNHDD_00054	FJJNNHDD_4:5239-5574	FJJNNHDD_00054
example_data/1/results/prokka/NC_027365.1_caudo/prokka_results_NC_027365.1_caudo:Gene	FJJNNHDD_00055	FJJNNHDD_4:5571-5831	FJJNNHDD_00055
example_data/1/results/prokka/NC_027365.1_caudo/prokka_results_NC_027365.1_caudo:Gene	FJJNNHDD_00056	FJJNNHDD_4:5818-7008	FJJNNHDD_00056
example_data/1/results/prokka/NC_027365.1_caudo/prokka_results_NC_027365.1_caudo:Gene	FJJNNHDD_00059	FJJNNHDD_5:1875-3008	FJJNNHDD_00059
example_data/1/results/prokka/NC_027365.1_caudo/prokka_results_NC_027365.1_caudo:Gene	FJJNNHDD_00060	FJJNNHDD_5:3008-4795	FJJNNHDD_00060
example_data/1/results/prokka/NC_027365.1_caudo/prokka_results_NC_027365.1_caudo:Gene	FJJNNHDD_00061	FJJNNHDD_5:4796-5314	FJJNNHDD_00061
example_data/1/results/prokka/NC_027365.1_caudo/prokka_results_NC_027365.1_caudo:Gene	FJJNNHDD_00062	FJJNNHDD_5:5311-6408	FJJNNHDD_00062
example_data/1/results/prokka/NC_027365.1_caudo/prokka_results_NC_027365.1_caudo:Gene	FJJNNHDD_00068	FJJNNHDD_6:1686-1931	FJJNNHDD_00068
example_data/1/results/prokka/NC_027365.1_caudo/prokka_results_NC_027365.1_caudo:Gene	FJJNNHDD_00069	FJJNNHDD_6:1928-2116	FJJNNHDD_00069
example_data/1/results/prokka/NC_027365.1_caudo/prokka_results_NC_027365.1_caudo:Gene	FJJNNHDD_00071	FJJNNHDD_6:2425-2607	FJJNNHDD_00071
example_data/1/results/prokka/NC_027365.1_caudo/prokka_results_NC_027365.1_caudo:Gene	FJJNNHDD_00072	FJJNNHDD_6:2604-2915	FJJNNHDD_00072
example_data/1/results/prokka/NC_027365.1_caudo/prokka_results_NC_027365.1_caudo:Gene	FJJNNHDD_00073	FJJNNHDD_6:2912-3223	FJJNNHDD_00073
example_data/1/results/prokka/NC_027365.1_caudo/prokka_results_NC_027365.1_caudo:Gene	FJJNNHDD_00074	FJJNNHDD_6:3216-3569	FJJNNHDD_00074
example_data/1/results/prokka/NC_027365.1_caudo/prokka_results_NC_027365.1_caudo:Gene	FJJNNHDD_00075	FJJNNHDD_6:3569-3808	FJJNNHDD_00075
example_data/1/results/prokka/NC_027365.1_caudo/prokka_results_NC_027365.1_caudo:Gene	FJJNNHDD_00077	FJJNNHDD_6:4525-4896	FJJNNHDD_00077
example_data/1/results/prokka/NC_027365.1_caudo/prokka_results_NC_027365.1_caudo:Gene	FJJNNHDD_00078	FJJNNHDD_6:4893-5102	FJJNNHDD_00078
example_data/1/results/prokka/NC_027365.1_caudo/prokka_results_NC_027365.1_caudo:Gene	FJJNNHDD_00079	FJJNNHDD_6:5099-5320	FJJNNHDD_00079
example_data/1/results/prokka/NC_027365.1_caudo/prokka_results_NC_027365.1_caudo:Gene	FJJNNHDD_00081	FJJNNHDD_6:5768-6364	FJJNNHDD_00081
example_data/1/results/prokka/NC_027365.1_caudo/prokka_results_NC_027365.1_caudo:Gene	FJJNNHDD_00082	FJJNNHDD_6:6364-6528	FJJNNHDD_00082
example_data/1/results/prokka/NC_027365.1_caudo/prokka_results_NC_027365.1_caudo:Gene	FJJNNHDD_00083	FJJNNHDD_6:6558-7388	FJJNNHDD_00083
example_data/1/results/prokka/NC_027365.1_caudo/prokka_results_NC_027365.1_caudo:Gene	FJJNNHDD_00084	FJJNNHDD_6:7388-7531	FJJNNHDD_00084
example_data/1/results/prokka/NC_027365.1_caudo/prokka_results_NC_027365.1_caudo:Gene	FJJNNHDD_00085	FJJNNHDD_6:7528-7746	FJJNNHDD_00085
example_data/1/results/prokka/NC_027365.1_caudo/prokka_results_NC_027365.1_caudo:Gene	FJJNNHDD_00086	FJJNNHDD_7:136-996	FJJNNHDD_00086
example_data/1/results/prokka/NC_027365.1_caudo/prokka_results_NC_027365.1_caudo:Gene	FJJNNHDD_00087	FJJNNHDD_7:996-1787	FJJNNHDD_00087
example_data/1/results/prokka/NC_027365.1_caudo/prokka_results_NC_027365.1_caudo:Gene	FJJNNHDD_00088	FJJNNHDD_7:1825-2223	FJJNNHDD_00088
example_data/1/results/prokka/NC_027365.1_caudo/prokka_results_NC_027365.1_caudo:Gene	FJJNNHDD_00089	FJJNNHDD_7:2220-2555	FJJNNHDD_00089
example_data/1/results/prokka/NC_027365.1_caudo/prokka_results_NC_027365.1_caudo:Gene	FJJNNHDD_00090	FJJNNHDD_7:2552-2812	FJJNNHDD_00090
example_data/1/results/prokka/NC_027365.1_caudo/prokka_results_NC_027365.1_caudo:Gene	FJJNNHDD_00091	FJJNNHDD_7:2799-3989	FJJNNHDD_00091
example_data/1/results/prokka/NC_027365.1_caudo/prokka_results_NC_027365.1_caudo:Gene	FJJNNHDD_00093	FJJNNHDD_7:4781-5080	FJJNNHDD_00093
example_data/1/results/prokka/NC_027365.1_caudo/prokka_results_NC_027365.1_caudo:Gene	FJJNNHDD_00094	FJJNNHDD_7:5077-5379	FJJNNHDD_00094
example_data/1/results/prokka/NC_027365.1_caudo/prokka_results_NC_027365.1_caudo:Gene	FJJNNHDD_00095	FJJNNHDD_7:5372-5761	FJJNNHDD_00095
example_data/1/results/prokka/NC_027365.1_caudo/prokka_results_NC_027365.1_caudo:Gene	FJJNNHDD_00096	FJJNNHDD_7:5758-6189	FJJNNHDD_00096
example_data/1/results/prokka/NC_027365.1_caudo/prokka_results_NC_027365.1_caudo:Gene	FJJNNHDD_00102	FJJNNHDD_8:3662-4138	FJJNNHDD_00102
example_data/1/results/prokka/NC_027365.1_caudo/prokka_results_NC_027365.1_caudo:Gene	FJJNNHDD_00103	FJJNNHDD_8:4135-4875	FJJNNHDD_00103
example_data/1/results/prokka/NC_027365.1_caudo/prokka_results_NC_027365.1_caudo:Gene	FJJNNHDD_00104	FJJNNHDD_8:4900-5778	FJJNNHDD_00104
example_data/1/results/prokka/NC_027365.1_caudo/prokka_results_NC_027365.1_caudo:Gene	FJJNNHDD_00105	FJJNNHDD_8:5775-5981	FJJNNHDD_00105
example_data/1/results/prokka/NC_027365.1_caudo/prokka_results_NC_027365.1_caudo:Gene	FJJNNHDD_00106	FJJNNHDD_8:5978-6481	FJJNNHDD_00106
example_data/1/results/prokka/NC_027365.1_caudo/prokka_results_NC_027365.1_caudo:Gene	FJJNNHDD_00110	FJJNNHDD_9:103-285	FJJNNHDD_00110
example_data/1/results/prokka/NC_027365.1_caudo/prokka_results_NC_027365.1_caudo:Gene	FJJNNHDD_00111	FJJNNHDD_9:282-593	FJJNNHDD_00111
example_data/1/results/prokka/NC_027365.1_caudo/prokka_results_NC_027365.1_caudo:Gene	FJJNNHDD_00112	FJJNNHDD_9:590-901	FJJNNHDD_00112
example_data/1/results/prokka/NC_027365.1_caudo/prokka_results_NC_027365.1_caudo:Gene	FJJNNHDD_00113	FJJNNHDD_9:894-1247	FJJNNHDD_00113
example_data/1/results/prokka/NC_027365.1_caudo/prokka_results_NC_027365.1_caudo:Gene	FJJNNHDD_00114	FJJNNHDD_9:1247-1486	FJJNNHDD_00114
example_data/1/results/prokka/NC_027365.1_caudo/prokka_results_NC_027365.1_caudo:Gene	FJJNNHDD_00116	FJJNNHDD_9:2203-2574	FJJNNHDD_00116
example_data/1/results/prokka/NC_027365.1_caudo/prokka_results_NC_027365.1_caudo:Gene	FJJNNHDD_00117	FJJNNHDD_9:2571-2780	FJJNNHDD_00117
example_data/1/results/prokka/NC_027365.1_caudo/prokka_results_NC_027365.1_caudo:Gene	FJJNNHDD_00118	FJJNNHDD_9:2777-2998	FJJNNHDD_00118
example_data/1/results/prokka/NC_027365.1_caudo/prokka_results_NC_027365.1_caudo:Gene	FJJNNHDD_00120	FJJNNHDD_9:3446-4042	FJJNNHDD_00120
example_data/1/results/prokka/NC_027365.1_caudo/prokka_results_NC_027365.1_caudo:Gene	FJJNNHDD_00121	FJJNNHDD_9:4042-4206	FJJNNHDD_00121
example_data/1/results/prokka/NC_027365.1_caudo/prokka_results_NC_027365.1_caudo:Gene	FJJNNHDD_00122	FJJNNHDD_9:4203-5066	FJJNNHDD_00122
example_data/1/results/prokka/NC_027365.1_caudo/prokka_results_NC_027365.1_caudo:Gene	FJJNNHDD_00123	FJJNNHDD_9:5066-5209	FJJNNHDD_00123
example_data/1/results/prokka/NC_027365.1_caudo/prokka_results_NC_027365.1_caudo:Gene	FJJNNHDD_00124	FJJNNHDD_9:5206-5424	FJJNNHDD_00124
example_data/1/results/prokka/NC_027365.1_caudo/prokka_results_NC_027365.1_caudo:Gene	FJJNNHDD_00125	FJJNNHDD_9:5421-5702	FJJNNHDD_00125
example_data/1/results/prokka/NC_027365.1_caudo/prokka_results_NC_027365.1_caudo:Gene	FJJNNHDD_00126	FJJNNHDD_9:5699-5815	FJJNNHDD_00126
example_data/1/results/prokka/NC_027365.1_caudo/prokka_results_NC_027365.1_caudo:Gene	FJJNNHDD_00128	FJJNNHDD_9:6662-6925	FJJNNHDD_00128
example_data/1/results/prokka/NC_027365.1_caudo/prokka_results_NC_027365.1_caudo:Gene	FJJNNHDD_00129	FJJNNHDD_9:6922-7767	FJJNNHDD_00129
example_data/1/results/prokka/NC_027365.1_caudo/prokka_results_NC_027365.1_caudo:Gene	FJJNNHDD_00130	FJJNNHDD_9:7767-7937	FJJNNHDD_00130
example_data/1/results/prokka/NC_027365.1_caudo/prokka_results_NC_027365.1_caudo:Gene	FJJNNHDD_00132	FJJNNHDD_10:315-1193	FJJNNHDD_00132
example_data/1/results/prokka/NC_027365.1_caudo/prokka_results_NC_027365.1_caudo:Gene	FJJNNHDD_00133	FJJNNHDD_10:1190-1396	FJJNNHDD_00133
example_data/1/results/prokka/NC_027365.1_caudo/prokka_results_NC_027365.1_caudo:Gene	FJJNNHDD_00134	FJJNNHDD_10:1393-1896	FJJNNHDD_00134
example_data/1/results/prokka/NC_027365.1_caudo/prokka_results_NC_027365.1_caudo:Gene	FJJNNHDD_00138	FJJNNHDD_10:3053-3430	FJJNNHDD_00138
example_data/1/results/prokka/NC_027365.1_caudo/prokka_results_NC_027365.1_caudo:Gene	FJJNNHDD_00139	FJJNNHDD_10:3427-3597	FJJNNHDD_00139

DiscRep_ALL:OVERLAPPING_CDS::89 coding regions overlap another coding region with a similar or identical name.
DiscRep_SUB:OVERLAPPING_CDS::89 coding regions overlap another coding region with a similar or identical name that do not have the appropriate note text
example_data/1/results/prokka/NC_027365.1_caudo/prokka_results_NC_027365.1_caudo:CDS	unannotated protein	FJJNNHDD_1:3812-4057	FJJNNHDD_00006
example_data/1/results/prokka/NC_027365.1_caudo/prokka_results_NC_027365.1_caudo:CDS	unannotated protein	FJJNNHDD_1:4054-4242	FJJNNHDD_00007
example_data/1/results/prokka/NC_027365.1_caudo/prokka_results_NC_027365.1_caudo:CDS	unannotated protein	FJJNNHDD_1:4551-4733	FJJNNHDD_00009
example_data/1/results/prokka/NC_027365.1_caudo/prokka_results_NC_027365.1_caudo:CDS	unannotated protein	FJJNNHDD_1:4730-5041	FJJNNHDD_00010
example_data/1/results/prokka/NC_027365.1_caudo/prokka_results_NC_027365.1_caudo:CDS	unannotated protein	FJJNNHDD_1:5038-5349	FJJNNHDD_00011
example_data/1/results/prokka/NC_027365.1_caudo/prokka_results_NC_027365.1_caudo:CDS	unannotated protein	FJJNNHDD_1:5342-5695	FJJNNHDD_00012
example_data/1/results/prokka/NC_027365.1_caudo/prokka_results_NC_027365.1_caudo:CDS	unannotated protein	FJJNNHDD_1:5695-5934	FJJNNHDD_00013
example_data/1/results/prokka/NC_027365.1_caudo/prokka_results_NC_027365.1_caudo:CDS	unannotated protein	FJJNNHDD_1:6651-7022	FJJNNHDD_00015
example_data/1/results/prokka/NC_027365.1_caudo/prokka_results_NC_027365.1_caudo:CDS	unannotated protein	FJJNNHDD_1:7019-7228	FJJNNHDD_00016
example_data/1/results/prokka/NC_027365.1_caudo/prokka_results_NC_027365.1_caudo:CDS	unannotated protein	FJJNNHDD_1:7225-7446	FJJNNHDD_00017
example_data/1/results/prokka/NC_027365.1_caudo/prokka_results_NC_027365.1_caudo:CDS	unannotated protein	FJJNNHDD_2:1512-3122	FJJNNHDD_00021
example_data/1/results/prokka/NC_027365.1_caudo/prokka_results_NC_027365.1_caudo:CDS	unannotated protein	FJJNNHDD_2:3122-3913	FJJNNHDD_00022
example_data/1/results/prokka/NC_027365.1_caudo/prokka_results_NC_027365.1_caudo:CDS	unannotated protein	FJJNNHDD_2:3951-4349	FJJNNHDD_00023
example_data/1/results/prokka/NC_027365.1_caudo/prokka_results_NC_027365.1_caudo:CDS	unannotated protein	FJJNNHDD_2:4346-4681	FJJNNHDD_00024
example_data/1/results/prokka/NC_027365.1_caudo/prokka_results_NC_027365.1_caudo:CDS	unannotated protein	FJJNNHDD_2:4678-4938	FJJNNHDD_00025
example_data/1/results/prokka/NC_027365.1_caudo/prokka_results_NC_027365.1_caudo:CDS	unannotated protein	FJJNNHDD_2:4925-6115	FJJNNHDD_00026
example_data/1/results/prokka/NC_027365.1_caudo/prokka_results_NC_027365.1_caudo:CDS	unannotated protein	FJJNNHDD_2:6907-7206	FJJNNHDD_00028
example_data/1/results/prokka/NC_027365.1_caudo/prokka_results_NC_027365.1_caudo:CDS	unannotated protein	FJJNNHDD_2:7203-7505	FJJNNHDD_00029
example_data/1/results/prokka/NC_027365.1_caudo/prokka_results_NC_027365.1_caudo:CDS	unannotated protein	FJJNNHDD_2:7498-7887	FJJNNHDD_00030
example_data/1/results/prokka/NC_027365.1_caudo/prokka_results_NC_027365.1_caudo:CDS	unannotated protein	FJJNNHDD_3:1303-1779	FJJNNHDD_00033
example_data/1/results/prokka/NC_027365.1_caudo/prokka_results_NC_027365.1_caudo:CDS	unannotated protein	FJJNNHDD_3:1776-2516	FJJNNHDD_00034
example_data/1/results/prokka/NC_027365.1_caudo/prokka_results_NC_027365.1_caudo:CDS	unannotated protein	FJJNNHDD_3:2541-3419	FJJNNHDD_00035
example_data/1/results/prokka/NC_027365.1_caudo/prokka_results_NC_027365.1_caudo:CDS	unannotated protein	FJJNNHDD_3:3416-3622	FJJNNHDD_00036
example_data/1/results/prokka/NC_027365.1_caudo/prokka_results_NC_027365.1_caudo:CDS	unannotated protein	FJJNNHDD_3:3619-4122	FJJNNHDD_00037
example_data/1/results/prokka/NC_027365.1_caudo/prokka_results_NC_027365.1_caudo:CDS	unannotated protein	FJJNNHDD_3:5279-5656	FJJNNHDD_00041
example_data/1/results/prokka/NC_027365.1_caudo/prokka_results_NC_027365.1_caudo:CDS	unannotated protein	FJJNNHDD_3:5653-5823	FJJNNHDD_00042
example_data/1/results/prokka/NC_027365.1_caudo/prokka_results_NC_027365.1_caudo:CDS	unannotated protein	FJJNNHDD_4:2405-4015	FJJNNHDD_00051
example_data/1/results/prokka/NC_027365.1_caudo/prokka_results_NC_027365.1_caudo:CDS	unannotated protein	FJJNNHDD_4:4015-4806	FJJNNHDD_00052
example_data/1/results/prokka/NC_027365.1_caudo/prokka_results_NC_027365.1_caudo:CDS	unannotated protein	FJJNNHDD_4:4844-5242	FJJNNHDD_00053
example_data/1/results/prokka/NC_027365.1_caudo/prokka_results_NC_027365.1_caudo:CDS	unannotated protein	FJJNNHDD_4:5239-5574	FJJNNHDD_00054
example_data/1/results/prokka/NC_027365.1_caudo/prokka_results_NC_027365.1_caudo:CDS	unannotated protein	FJJNNHDD_4:5571-5831	FJJNNHDD_00055
example_data/1/results/prokka/NC_027365.1_caudo/prokka_results_NC_027365.1_caudo:CDS	unannotated protein	FJJNNHDD_4:5818-7008	FJJNNHDD_00056
example_data/1/results/prokka/NC_027365.1_caudo/prokka_results_NC_027365.1_caudo:CDS	unannotated protein	FJJNNHDD_5:1875-3008	FJJNNHDD_00059
example_data/1/results/prokka/NC_027365.1_caudo/prokka_results_NC_027365.1_caudo:CDS	unannotated protein	FJJNNHDD_5:3008-4795	FJJNNHDD_00060
example_data/1/results/prokka/NC_027365.1_caudo/prokka_results_NC_027365.1_caudo:CDS	unannotated protein	FJJNNHDD_5:4796-5314	FJJNNHDD_00061
example_data/1/results/prokka/NC_027365.1_caudo/prokka_results_NC_027365.1_caudo:CDS	unannotated protein	FJJNNHDD_5:5311-6408	FJJNNHDD_00062
example_data/1/results/prokka/NC_027365.1_caudo/prokka_results_NC_027365.1_caudo:CDS	unannotated protein	FJJNNHDD_6:1686-1931	FJJNNHDD_00068
example_data/1/results/prokka/NC_027365.1_caudo/prokka_results_NC_027365.1_caudo:CDS	unannotated protein	FJJNNHDD_6:1928-2116	FJJNNHDD_00069
example_data/1/results/prokka/NC_027365.1_caudo/prokka_results_NC_027365.1_caudo:CDS	unannotated protein	FJJNNHDD_6:2425-2607	FJJNNHDD_00071
example_data/1/results/prokka/NC_027365.1_caudo/prokka_results_NC_027365.1_caudo:CDS	unannotated protein	FJJNNHDD_6:2604-2915	FJJNNHDD_00072
example_data/1/results/prokka/NC_027365.1_caudo/prokka_results_NC_027365.1_caudo:CDS	unannotated protein	FJJNNHDD_6:2912-3223	FJJNNHDD_00073
example_data/1/results/prokka/NC_027365.1_caudo/prokka_results_NC_027365.1_caudo:CDS	unannotated protein	FJJNNHDD_6:3216-3569	FJJNNHDD_00074
example_data/1/results/prokka/NC_027365.1_caudo/prokka_results_NC_027365.1_caudo:CDS	unannotated protein	FJJNNHDD_6:3569-3808	FJJNNHDD_00075
example_data/1/results/prokka/NC_027365.1_caudo/prokka_results_NC_027365.1_caudo:CDS	unannotated protein	FJJNNHDD_6:4525-4896	FJJNNHDD_00077
example_data/1/results/prokka/NC_027365.1_caudo/prokka_results_NC_027365.1_caudo:CDS	unannotated protein	FJJNNHDD_6:4893-5102	FJJNNHDD_00078
example_data/1/results/prokka/NC_027365.1_caudo/prokka_results_NC_027365.1_caudo:CDS	unannotated protein	FJJNNHDD_6:5099-5320	FJJNNHDD_00079
example_data/1/results/prokka/NC_027365.1_caudo/prokka_results_NC_027365.1_caudo:CDS	unannotated protein	FJJNNHDD_6:5768-6364	FJJNNHDD_00081
example_data/1/results/prokka/NC_027365.1_caudo/prokka_results_NC_027365.1_caudo:CDS	unannotated protein	FJJNNHDD_6:6364-6528	FJJNNHDD_00082
example_data/1/results/prokka/NC_027365.1_caudo/prokka_results_NC_027365.1_caudo:CDS	unannotated protein	FJJNNHDD_6:6558-7388	FJJNNHDD_00083
example_data/1/results/prokka/NC_027365.1_caudo/prokka_results_NC_027365.1_caudo:CDS	unannotated protein	FJJNNHDD_6:7388-7531	FJJNNHDD_00084
example_data/1/results/prokka/NC_027365.1_caudo/prokka_results_NC_027365.1_caudo:CDS	unannotated protein	FJJNNHDD_6:7528-7746	FJJNNHDD_00085
example_data/1/results/prokka/NC_027365.1_caudo/prokka_results_NC_027365.1_caudo:CDS	unannotated protein	FJJNNHDD_7:136-996	FJJNNHDD_00086
example_data/1/results/prokka/NC_027365.1_caudo/prokka_results_NC_027365.1_caudo:CDS	unannotated protein	FJJNNHDD_7:996-1787	FJJNNHDD_00087
example_data/1/results/prokka/NC_027365.1_caudo/prokka_results_NC_027365.1_caudo:CDS	unannotated protein	FJJNNHDD_7:1825-2223	FJJNNHDD_00088
example_data/1/results/prokka/NC_027365.1_caudo/prokka_results_NC_027365.1_caudo:CDS	unannotated protein	FJJNNHDD_7:2220-2555	FJJNNHDD_00089
example_data/1/results/prokka/NC_027365.1_caudo/prokka_results_NC_027365.1_caudo:CDS	unannotated protein	FJJNNHDD_7:2552-2812	FJJNNHDD_00090
example_data/1/results/prokka/NC_027365.1_caudo/prokka_results_NC_027365.1_caudo:CDS	unannotated protein	FJJNNHDD_7:2799-3989	FJJNNHDD_00091
example_data/1/results/prokka/NC_027365.1_caudo/prokka_results_NC_027365.1_caudo:CDS	unannotated protein	FJJNNHDD_7:4781-5080	FJJNNHDD_00093
example_data/1/results/prokka/NC_027365.1_caudo/prokka_results_NC_027365.1_caudo:CDS	unannotated protein	FJJNNHDD_7:5077-5379	FJJNNHDD_00094
example_data/1/results/prokka/NC_027365.1_caudo/prokka_results_NC_027365.1_caudo:CDS	unannotated protein	FJJNNHDD_7:5372-5761	FJJNNHDD_00095
example_data/1/results/prokka/NC_027365.1_caudo/prokka_results_NC_027365.1_caudo:CDS	unannotated protein	FJJNNHDD_7:5758-6189	FJJNNHDD_00096
example_data/1/results/prokka/NC_027365.1_caudo/prokka_results_NC_027365.1_caudo:CDS	unannotated protein	FJJNNHDD_8:3662-4138	FJJNNHDD_00102
example_data/1/results/prokka/NC_027365.1_caudo/prokka_results_NC_027365.1_caudo:CDS	unannotated protein	FJJNNHDD_8:4135-4875	FJJNNHDD_00103
example_data/1/results/prokka/NC_027365.1_caudo/prokka_results_NC_027365.1_caudo:CDS	unannotated protein	FJJNNHDD_8:4900-5778	FJJNNHDD_00104
example_data/1/results/prokka/NC_027365.1_caudo/prokka_results_NC_027365.1_caudo:CDS	unannotated protein	FJJNNHDD_8:5775-5981	FJJNNHDD_00105
example_data/1/results/prokka/NC_027365.1_caudo/prokka_results_NC_027365.1_caudo:CDS	unannotated protein	FJJNNHDD_8:5978-6481	FJJNNHDD_00106
example_data/1/results/prokka/NC_027365.1_caudo/prokka_results_NC_027365.1_caudo:CDS	unannotated protein	FJJNNHDD_9:103-285	FJJNNHDD_00110
example_data/1/results/prokka/NC_027365.1_caudo/prokka_results_NC_027365.1_caudo:CDS	unannotated protein	FJJNNHDD_9:282-593	FJJNNHDD_00111
example_data/1/results/prokka/NC_027365.1_caudo/prokka_results_NC_027365.1_caudo:CDS	unannotated protein	FJJNNHDD_9:590-901	FJJNNHDD_00112
example_data/1/results/prokka/NC_027365.1_caudo/prokka_results_NC_027365.1_caudo:CDS	unannotated protein	FJJNNHDD_9:894-1247	FJJNNHDD_00113
example_data/1/results/prokka/NC_027365.1_caudo/prokka_results_NC_027365.1_caudo:CDS	unannotated protein	FJJNNHDD_9:1247-1486	FJJNNHDD_00114
example_data/1/results/prokka/NC_027365.1_caudo/prokka_results_NC_027365.1_caudo:CDS	unannotated protein	FJJNNHDD_9:2203-2574	FJJNNHDD_00116
example_data/1/results/prokka/NC_027365.1_caudo/prokka_results_NC_027365.1_caudo:CDS	unannotated protein	FJJNNHDD_9:2571-2780	FJJNNHDD_00117
example_data/1/results/prokka/NC_027365.1_caudo/prokka_results_NC_027365.1_caudo:CDS	unannotated protein	FJJNNHDD_9:2777-2998	FJJNNHDD_00118
example_data/1/results/prokka/NC_027365.1_caudo/prokka_results_NC_027365.1_caudo:CDS	unannotated protein	FJJNNHDD_9:3446-4042	FJJNNHDD_00120
example_data/1/results/prokka/NC_027365.1_caudo/prokka_results_NC_027365.1_caudo:CDS	unannotated protein	FJJNNHDD_9:4042-4206	FJJNNHDD_00121
example_data/1/results/prokka/NC_027365.1_caudo/prokka_results_NC_027365.1_caudo:CDS	unannotated protein	FJJNNHDD_9:4203-5066	FJJNNHDD_00122
example_data/1/results/prokka/NC_027365.1_caudo/prokka_results_NC_027365.1_caudo:CDS	unannotated protein	FJJNNHDD_9:5066-5209	FJJNNHDD_00123
example_data/1/results/prokka/NC_027365.1_caudo/prokka_results_NC_027365.1_caudo:CDS	unannotated protein	FJJNNHDD_9:5206-5424	FJJNNHDD_00124
example_data/1/results/prokka/NC_027365.1_caudo/prokka_results_NC_027365.1_caudo:CDS	unannotated protein	FJJNNHDD_9:5421-5702	FJJNNHDD_00125
example_data/1/results/prokka/NC_027365.1_caudo/prokka_results_NC_027365.1_caudo:CDS	unannotated protein	FJJNNHDD_9:5699-5815	FJJNNHDD_00126
example_data/1/results/prokka/NC_027365.1_caudo/prokka_results_NC_027365.1_caudo:CDS	unannotated protein	FJJNNHDD_9:6662-6925	FJJNNHDD_00128
example_data/1/results/prokka/NC_027365.1_caudo/prokka_results_NC_027365.1_caudo:CDS	unannotated protein	FJJNNHDD_9:6922-7767	FJJNNHDD_00129
example_data/1/results/prokka/NC_027365.1_caudo/prokka_results_NC_027365.1_caudo:CDS	unannotated protein	FJJNNHDD_9:7767-7937	FJJNNHDD_00130
example_data/1/results/prokka/NC_027365.1_caudo/prokka_results_NC_027365.1_caudo:CDS	unannotated protein	FJJNNHDD_10:315-1193	FJJNNHDD_00132
example_data/1/results/prokka/NC_027365.1_caudo/prokka_results_NC_027365.1_caudo:CDS	unannotated protein	FJJNNHDD_10:1190-1396	FJJNNHDD_00133
example_data/1/results/prokka/NC_027365.1_caudo/prokka_results_NC_027365.1_caudo:CDS	unannotated protein	FJJNNHDD_10:1393-1896	FJJNNHDD_00134
example_data/1/results/prokka/NC_027365.1_caudo/prokka_results_NC_027365.1_caudo:CDS	unannotated protein	FJJNNHDD_10:3053-3430	FJJNNHDD_00138
example_data/1/results/prokka/NC_027365.1_caudo/prokka_results_NC_027365.1_caudo:CDS	unannotated protein	FJJNNHDD_10:3427-3597	FJJNNHDD_00139

DiscRep_ALL:DISC_QUALITY_SCORES::Quality scores are missing on all sequences.

DiscRep_ALL:ONCALLER_COMMENT_PRESENT::10 comment descriptors were found (all same)
example_data/1/results/prokka/NC_027365.1_caudo/prokka_results_NC_027365.1_caudo:X:FJJNNHDD_1:Annotated using prokka 1.14.6 from https://github.com/tseemann/prokka
example_data/1/results/prokka/NC_027365.1_caudo/prokka_results_NC_027365.1_caudo:X:FJJNNHDD_2:Annotated using prokka 1.14.6 from https://github.com/tseemann/prokka
example_data/1/results/prokka/NC_027365.1_caudo/prokka_results_NC_027365.1_caudo:X:FJJNNHDD_3:Annotated using prokka 1.14.6 from https://github.com/tseemann/prokka
example_data/1/results/prokka/NC_027365.1_caudo/prokka_results_NC_027365.1_caudo:X:FJJNNHDD_4:Annotated using prokka 1.14.6 from https://github.com/tseemann/prokka
example_data/1/results/prokka/NC_027365.1_caudo/prokka_results_NC_027365.1_caudo:X:FJJNNHDD_5:Annotated using prokka 1.14.6 from https://github.com/tseemann/prokka
example_data/1/results/prokka/NC_027365.1_caudo/prokka_results_NC_027365.1_caudo:X:FJJNNHDD_6:Annotated using prokka 1.14.6 from https://github.com/tseemann/prokka
example_data/1/results/prokka/NC_027365.1_caudo/prokka_results_NC_027365.1_caudo:X:FJJNNHDD_7:Annotated using prokka 1.14.6 from https://github.com/tseemann/prokka
example_data/1/results/prokka/NC_027365.1_caudo/prokka_results_NC_027365.1_caudo:X:FJJNNHDD_8:Annotated using prokka 1.14.6 from https://github.com/tseemann/prokka
example_data/1/results/prokka/NC_027365.1_caudo/prokka_results_NC_027365.1_caudo:X:FJJNNHDD_9:Annotated using prokka 1.14.6 from https://github.com/tseemann/prokka
example_data/1/results/prokka/NC_027365.1_caudo/prokka_results_NC_027365.1_caudo:X:FJJNNHDD_10:Annotated using prokka 1.14.6 from https://github.com/tseemann/prokka

DiscRep_ALL:SHORT_PROT_SEQUENCES::6 protein sequences are shorter than 50 aa.
example_data/1/results/prokka/NC_027365.1_caudo/prokka_results_NC_027365.1_caudo:X:FJJNNHDD_00039 (length 36)
example_data/1/results/prokka/NC_027365.1_caudo/prokka_results_NC_027365.1_caudo:X:FJJNNHDD_00084 (length 47)
example_data/1/results/prokka/NC_027365.1_caudo/prokka_results_NC_027365.1_caudo:X:FJJNNHDD_00108 (length 36)
example_data/1/results/prokka/NC_027365.1_caudo/prokka_results_NC_027365.1_caudo:X:FJJNNHDD_00123 (length 47)
example_data/1/results/prokka/NC_027365.1_caudo/prokka_results_NC_027365.1_caudo:X:FJJNNHDD_00126 (length 38)
example_data/1/results/prokka/NC_027365.1_caudo/prokka_results_NC_027365.1_caudo:X:FJJNNHDD_00136 (length 36)

DiscRep_ALL:MISSING_GENOMEASSEMBLY_COMMENTS::10 bioseqs are missing GenomeAssembly structured comments
example_data/1/results/prokka/NC_027365.1_caudo/prokka_results_NC_027365.1_caudo:X:FJJNNHDD_1 (length 8000)
example_data/1/results/prokka/NC_027365.1_caudo/prokka_results_NC_027365.1_caudo:X:FJJNNHDD_2 (length 8000)
example_data/1/results/prokka/NC_027365.1_caudo/prokka_results_NC_027365.1_caudo:X:FJJNNHDD_3 (length 8000)
example_data/1/results/prokka/NC_027365.1_caudo/prokka_results_NC_027365.1_caudo:X:FJJNNHDD_4 (length 8000)
example_data/1/results/prokka/NC_027365.1_caudo/prokka_results_NC_027365.1_caudo:X:FJJNNHDD_5 (length 8000)
example_data/1/results/prokka/NC_027365.1_caudo/prokka_results_NC_027365.1_caudo:X:FJJNNHDD_6 (length 8000)
example_data/1/results/prokka/NC_027365.1_caudo/prokka_results_NC_027365.1_caudo:X:FJJNNHDD_7 (length 8000)
example_data/1/results/prokka/NC_027365.1_caudo/prokka_results_NC_027365.1_caudo:X:FJJNNHDD_8 (length 8000)
example_data/1/results/prokka/NC_027365.1_caudo/prokka_results_NC_027365.1_caudo:X:FJJNNHDD_9 (length 8000)
example_data/1/results/prokka/NC_027365.1_caudo/prokka_results_NC_027365.1_caudo:X:FJJNNHDD_10 (length 8000)

DiscRep_ALL:MOLTYPE_NOT_MRNA::10 molecule types are not set as mRNA.
example_data/1/results/prokka/NC_027365.1_caudo/prokka_results_NC_027365.1_caudo:X:FJJNNHDD_1 (length 8000)
example_data/1/results/prokka/NC_027365.1_caudo/prokka_results_NC_027365.1_caudo:X:FJJNNHDD_2 (length 8000)
example_data/1/results/prokka/NC_027365.1_caudo/prokka_results_NC_027365.1_caudo:X:FJJNNHDD_3 (length 8000)
example_data/1/results/prokka/NC_027365.1_caudo/prokka_results_NC_027365.1_caudo:X:FJJNNHDD_4 (length 8000)
example_data/1/results/prokka/NC_027365.1_caudo/prokka_results_NC_027365.1_caudo:X:FJJNNHDD_5 (length 8000)
example_data/1/results/prokka/NC_027365.1_caudo/prokka_results_NC_027365.1_caudo:X:FJJNNHDD_6 (length 8000)
example_data/1/results/prokka/NC_027365.1_caudo/prokka_results_NC_027365.1_caudo:X:FJJNNHDD_7 (length 8000)
example_data/1/results/prokka/NC_027365.1_caudo/prokka_results_NC_027365.1_caudo:X:FJJNNHDD_8 (length 8000)
example_data/1/results/prokka/NC_027365.1_caudo/prokka_results_NC_027365.1_caudo:X:FJJNNHDD_9 (length 8000)
example_data/1/results/prokka/NC_027365.1_caudo/prokka_results_NC_027365.1_caudo:X:FJJNNHDD_10 (length 8000)

DiscRep_ALL:TECHNIQUE_NOT_TSA::10 technique are not set as TSA
example_data/1/results/prokka/NC_027365.1_caudo/prokka_results_NC_027365.1_caudo:X:FJJNNHDD_1 (length 8000)
example_data/1/results/prokka/NC_027365.1_caudo/prokka_results_NC_027365.1_caudo:X:FJJNNHDD_2 (length 8000)
example_data/1/results/prokka/NC_027365.1_caudo/prokka_results_NC_027365.1_caudo:X:FJJNNHDD_3 (length 8000)
example_data/1/results/prokka/NC_027365.1_caudo/prokka_results_NC_027365.1_caudo:X:FJJNNHDD_4 (length 8000)
example_data/1/results/prokka/NC_027365.1_caudo/prokka_results_NC_027365.1_caudo:X:FJJNNHDD_5 (length 8000)
example_data/1/results/prokka/NC_027365.1_caudo/prokka_results_NC_027365.1_caudo:X:FJJNNHDD_6 (length 8000)
example_data/1/results/prokka/NC_027365.1_caudo/prokka_results_NC_027365.1_caudo:X:FJJNNHDD_7 (length 8000)
example_data/1/results/prokka/NC_027365.1_caudo/prokka_results_NC_027365.1_caudo:X:FJJNNHDD_8 (length 8000)
example_data/1/results/prokka/NC_027365.1_caudo/prokka_results_NC_027365.1_caudo:X:FJJNNHDD_9 (length 8000)
example_data/1/results/prokka/NC_027365.1_caudo/prokka_results_NC_027365.1_caudo:X:FJJNNHDD_10 (length 8000)

DiscRep_ALL:MISSING_STRUCTURED_COMMENT::10 sequences do not include structured comments.
example_data/1/results/prokka/NC_027365.1_caudo/prokka_results_NC_027365.1_caudo:X:FJJNNHDD_1 (length 8000)
example_data/1/results/prokka/NC_027365.1_caudo/prokka_results_NC_027365.1_caudo:X:FJJNNHDD_2 (length 8000)
example_data/1/results/prokka/NC_027365.1_caudo/prokka_results_NC_027365.1_caudo:X:FJJNNHDD_3 (length 8000)
example_data/1/results/prokka/NC_027365.1_caudo/prokka_results_NC_027365.1_caudo:X:FJJNNHDD_4 (length 8000)
example_data/1/results/prokka/NC_027365.1_caudo/prokka_results_NC_027365.1_caudo:X:FJJNNHDD_5 (length 8000)
example_data/1/results/prokka/NC_027365.1_caudo/prokka_results_NC_027365.1_caudo:X:FJJNNHDD_6 (length 8000)
example_data/1/results/prokka/NC_027365.1_caudo/prokka_results_NC_027365.1_caudo:X:FJJNNHDD_7 (length 8000)
example_data/1/results/prokka/NC_027365.1_caudo/prokka_results_NC_027365.1_caudo:X:FJJNNHDD_8 (length 8000)
example_data/1/results/prokka/NC_027365.1_caudo/prokka_results_NC_027365.1_caudo:X:FJJNNHDD_9 (length 8000)
example_data/1/results/prokka/NC_027365.1_caudo/prokka_results_NC_027365.1_caudo:X:FJJNNHDD_10 (length 8000)

DiscRep_ALL:MISSING_PROJECT::158 sequences do not include project.
example_data/1/results/prokka/NC_027365.1_caudo/prokka_results_NC_027365.1_caudo:X:FJJNNHDD_1 (length 8000)
example_data/1/results/prokka/NC_027365.1_caudo/prokka_results_NC_027365.1_caudo:X:FJJNNHDD_00001 (length 78)
example_data/1/results/prokka/NC_027365.1_caudo/prokka_results_NC_027365.1_caudo:X:FJJNNHDD_00002 (length 173)
example_data/1/results/prokka/NC_027365.1_caudo/prokka_results_NC_027365.1_caudo:X:FJJNNHDD_00003 (length 421)
example_data/1/results/prokka/NC_027365.1_caudo/prokka_results_NC_027365.1_caudo:X:FJJNNHDD_00004 (length 272)
example_data/1/results/prokka/NC_027365.1_caudo/prokka_results_NC_027365.1_caudo:X:FJJNNHDD_00005 (length 117)
example_data/1/results/prokka/NC_027365.1_caudo/prokka_results_NC_027365.1_caudo:X:FJJNNHDD_00006 (length 81)
example_data/1/results/prokka/NC_027365.1_caudo/prokka_results_NC_027365.1_caudo:X:FJJNNHDD_00007 (length 62)
example_data/1/results/prokka/NC_027365.1_caudo/prokka_results_NC_027365.1_caudo:X:FJJNNHDD_00008 (length 86)
example_data/1/results/prokka/NC_027365.1_caudo/prokka_results_NC_027365.1_caudo:X:FJJNNHDD_00009 (length 60)
example_data/1/results/prokka/NC_027365.1_caudo/prokka_results_NC_027365.1_caudo:X:FJJNNHDD_00010 (length 103)
example_data/1/results/prokka/NC_027365.1_caudo/prokka_results_NC_027365.1_caudo:X:FJJNNHDD_00011 (length 103)
example_data/1/results/prokka/NC_027365.1_caudo/prokka_results_NC_027365.1_caudo:X:FJJNNHDD_00012 (length 117)
example_data/1/results/prokka/NC_027365.1_caudo/prokka_results_NC_027365.1_caudo:X:FJJNNHDD_00013 (length 79)
example_data/1/results/prokka/NC_027365.1_caudo/prokka_results_NC_027365.1_caudo:X:FJJNNHDD_00014 (length 230)
example_data/1/results/prokka/NC_027365.1_caudo/prokka_results_NC_027365.1_caudo:X:FJJNNHDD_00015 (length 123)
example_data/1/results/prokka/NC_027365.1_caudo/prokka_results_NC_027365.1_caudo:X:FJJNNHDD_00016 (length 69)
example_data/1/results/prokka/NC_027365.1_caudo/prokka_results_NC_027365.1_caudo:X:FJJNNHDD_00017 (length 73)
example_data/1/results/prokka/NC_027365.1_caudo/prokka_results_NC_027365.1_caudo:X:FJJNNHDD_00018 (length 91)
example_data/1/results/prokka/NC_027365.1_caudo/prokka_results_NC_027365.1_caudo:X:FJJNNHDD_2 (length 8000)
example_data/1/results/prokka/NC_027365.1_caudo/prokka_results_NC_027365.1_caudo:X:FJJNNHDD_00019 (length 334)
example_data/1/results/prokka/NC_027365.1_caudo/prokka_results_NC_027365.1_caudo:X:FJJNNHDD_00020 (length 125)
example_data/1/results/prokka/NC_027365.1_caudo/prokka_results_NC_027365.1_caudo:X:FJJNNHDD_00021 (length 536)
example_data/1/results/prokka/NC_027365.1_caudo/prokka_results_NC_027365.1_caudo:X:FJJNNHDD_00022 (length 263)
example_data/1/results/prokka/NC_027365.1_caudo/prokka_results_NC_027365.1_caudo:X:FJJNNHDD_00023 (length 132)
example_data/1/results/prokka/NC_027365.1_caudo/prokka_results_NC_027365.1_caudo:X:FJJNNHDD_00024 (length 111)
example_data/1/results/prokka/NC_027365.1_caudo/prokka_results_NC_027365.1_caudo:X:FJJNNHDD_00025 (length 86)
example_data/1/results/prokka/NC_027365.1_caudo/prokka_results_NC_027365.1_caudo:X:FJJNNHDD_00026 (length 396)
example_data/1/results/prokka/NC_027365.1_caudo/prokka_results_NC_027365.1_caudo:X:FJJNNHDD_00027 (length 108)
example_data/1/results/prokka/NC_027365.1_caudo/prokka_results_NC_027365.1_caudo:X:FJJNNHDD_00028 (length 99)
example_data/1/results/prokka/NC_027365.1_caudo/prokka_results_NC_027365.1_caudo:X:FJJNNHDD_00029 (length 100)
example_data/1/results/prokka/NC_027365.1_caudo/prokka_results_NC_027365.1_caudo:X:FJJNNHDD_00030 (length 129)
example_data/1/results/prokka/NC_027365.1_caudo/prokka_results_NC_027365.1_caudo:X:FJJNNHDD_3 (length 8000)
example_data/1/results/prokka/NC_027365.1_caudo/prokka_results_NC_027365.1_caudo:X:FJJNNHDD_00031 (length 211)
example_data/1/results/prokka/NC_027365.1_caudo/prokka_results_NC_027365.1_caudo:X:FJJNNHDD_00032 (length 153)
example_data/1/results/prokka/NC_027365.1_caudo/prokka_results_NC_027365.1_caudo:X:FJJNNHDD_00033 (length 158)
example_data/1/results/prokka/NC_027365.1_caudo/prokka_results_NC_027365.1_caudo:X:FJJNNHDD_00034 (length 246)
example_data/1/results/prokka/NC_027365.1_caudo/prokka_results_NC_027365.1_caudo:X:FJJNNHDD_00035 (length 292)
example_data/1/results/prokka/NC_027365.1_caudo/prokka_results_NC_027365.1_caudo:X:FJJNNHDD_00036 (length 68)
example_data/1/results/prokka/NC_027365.1_caudo/prokka_results_NC_027365.1_caudo:X:FJJNNHDD_00037 (length 167)
example_data/1/results/prokka/NC_027365.1_caudo/prokka_results_NC_027365.1_caudo:X:FJJNNHDD_00038 (length 191)
example_data/1/results/prokka/NC_027365.1_caudo/prokka_results_NC_027365.1_caudo:X:FJJNNHDD_00039 (length 36)
example_data/1/results/prokka/NC_027365.1_caudo/prokka_results_NC_027365.1_caudo:X:FJJNNHDD_00040 (length 89)
example_data/1/results/prokka/NC_027365.1_caudo/prokka_results_NC_027365.1_caudo:X:FJJNNHDD_00041 (length 125)
example_data/1/results/prokka/NC_027365.1_caudo/prokka_results_NC_027365.1_caudo:X:FJJNNHDD_00042 (length 56)
example_data/1/results/prokka/NC_027365.1_caudo/prokka_results_NC_027365.1_caudo:X:FJJNNHDD_00043 (length 77)
example_data/1/results/prokka/NC_027365.1_caudo/prokka_results_NC_027365.1_caudo:X:FJJNNHDD_00044 (length 102)
example_data/1/results/prokka/NC_027365.1_caudo/prokka_results_NC_027365.1_caudo:X:FJJNNHDD_00045 (length 51)
example_data/1/results/prokka/NC_027365.1_caudo/prokka_results_NC_027365.1_caudo:X:FJJNNHDD_00046 (length 115)
example_data/1/results/prokka/NC_027365.1_caudo/prokka_results_NC_027365.1_caudo:X:FJJNNHDD_00047 (length 263)
example_data/1/results/prokka/NC_027365.1_caudo/prokka_results_NC_027365.1_caudo:X:FJJNNHDD_4 (length 8000)
example_data/1/results/prokka/NC_027365.1_caudo/prokka_results_NC_027365.1_caudo:X:FJJNNHDD_00048 (length 281)
example_data/1/results/prokka/NC_027365.1_caudo/prokka_results_NC_027365.1_caudo:X:FJJNNHDD_00049 (length 334)
example_data/1/results/prokka/NC_027365.1_caudo/prokka_results_NC_027365.1_caudo:X:FJJNNHDD_00050 (length 125)
example_data/1/results/prokka/NC_027365.1_caudo/prokka_results_NC_027365.1_caudo:X:FJJNNHDD_00051 (length 536)
example_data/1/results/prokka/NC_027365.1_caudo/prokka_results_NC_027365.1_caudo:X:FJJNNHDD_00052 (length 263)
example_data/1/results/prokka/NC_027365.1_caudo/prokka_results_NC_027365.1_caudo:X:FJJNNHDD_00053 (length 132)
example_data/1/results/prokka/NC_027365.1_caudo/prokka_results_NC_027365.1_caudo:X:FJJNNHDD_00054 (length 111)
example_data/1/results/prokka/NC_027365.1_caudo/prokka_results_NC_027365.1_caudo:X:FJJNNHDD_00055 (length 86)
example_data/1/results/prokka/NC_027365.1_caudo/prokka_results_NC_027365.1_caudo:X:FJJNNHDD_00056 (length 396)
example_data/1/results/prokka/NC_027365.1_caudo/prokka_results_NC_027365.1_caudo:X:FJJNNHDD_00057 (length 108)
example_data/1/results/prokka/NC_027365.1_caudo/prokka_results_NC_027365.1_caudo:X:FJJNNHDD_5 (length 8000)
example_data/1/results/prokka/NC_027365.1_caudo/prokka_results_NC_027365.1_caudo:X:FJJNNHDD_00058 (length 617)
example_data/1/results/prokka/NC_027365.1_caudo/prokka_results_NC_027365.1_caudo:X:FJJNNHDD_00059 (length 377)
example_data/1/results/prokka/NC_027365.1_caudo/prokka_results_NC_027365.1_caudo:X:FJJNNHDD_00060 (length 595)
example_data/1/results/prokka/NC_027365.1_caudo/prokka_results_NC_027365.1_caudo:X:FJJNNHDD_00061 (length 172)
example_data/1/results/prokka/NC_027365.1_caudo/prokka_results_NC_027365.1_caudo:X:FJJNNHDD_00062 (length 365)
example_data/1/results/prokka/NC_027365.1_caudo/prokka_results_NC_027365.1_caudo:X:FJJNNHDD_00063 (length 81)
example_data/1/results/prokka/NC_027365.1_caudo/prokka_results_NC_027365.1_caudo:X:FJJNNHDD_00064 (length 338)
example_data/1/results/prokka/NC_027365.1_caudo/prokka_results_NC_027365.1_caudo:X:FJJNNHDD_6 (length 8000)
example_data/1/results/prokka/NC_027365.1_caudo/prokka_results_NC_027365.1_caudo:X:FJJNNHDD_00065 (length 89)
example_data/1/results/prokka/NC_027365.1_caudo/prokka_results_NC_027365.1_caudo:X:FJJNNHDD_00066 (length 272)
example_data/1/results/prokka/NC_027365.1_caudo/prokka_results_NC_027365.1_caudo:X:FJJNNHDD_00067 (length 117)
example_data/1/results/prokka/NC_027365.1_caudo/prokka_results_NC_027365.1_caudo:X:FJJNNHDD_00068 (length 81)
example_data/1/results/prokka/NC_027365.1_caudo/prokka_results_NC_027365.1_caudo:X:FJJNNHDD_00069 (length 62)
example_data/1/results/prokka/NC_027365.1_caudo/prokka_results_NC_027365.1_caudo:X:FJJNNHDD_00070 (length 86)
example_data/1/results/prokka/NC_027365.1_caudo/prokka_results_NC_027365.1_caudo:X:FJJNNHDD_00071 (length 60)
example_data/1/results/prokka/NC_027365.1_caudo/prokka_results_NC_027365.1_caudo:X:FJJNNHDD_00072 (length 103)
example_data/1/results/prokka/NC_027365.1_caudo/prokka_results_NC_027365.1_caudo:X:FJJNNHDD_00073 (length 103)
example_data/1/results/prokka/NC_027365.1_caudo/prokka_results_NC_027365.1_caudo:X:FJJNNHDD_00074 (length 117)
example_data/1/results/prokka/NC_027365.1_caudo/prokka_results_NC_027365.1_caudo:X:FJJNNHDD_00075 (length 79)
example_data/1/results/prokka/NC_027365.1_caudo/prokka_results_NC_027365.1_caudo:X:FJJNNHDD_00076 (length 230)
example_data/1/results/prokka/NC_027365.1_caudo/prokka_results_NC_027365.1_caudo:X:FJJNNHDD_00077 (length 123)
example_data/1/results/prokka/NC_027365.1_caudo/prokka_results_NC_027365.1_caudo:X:FJJNNHDD_00078 (length 69)
example_data/1/results/prokka/NC_027365.1_caudo/prokka_results_NC_027365.1_caudo:X:FJJNNHDD_00079 (length 73)
example_data/1/results/prokka/NC_027365.1_caudo/prokka_results_NC_027365.1_caudo:X:FJJNNHDD_00080 (length 91)
example_data/1/results/prokka/NC_027365.1_caudo/prokka_results_NC_027365.1_caudo:X:FJJNNHDD_00081 (length 198)
example_data/1/results/prokka/NC_027365.1_caudo/prokka_results_NC_027365.1_caudo:X:FJJNNHDD_00082 (length 54)
example_data/1/results/prokka/NC_027365.1_caudo/prokka_results_NC_027365.1_caudo:X:FJJNNHDD_00083 (length 276)
example_data/1/results/prokka/NC_027365.1_caudo/prokka_results_NC_027365.1_caudo:X:FJJNNHDD_00084 (length 47)
example_data/1/results/prokka/NC_027365.1_caudo/prokka_results_NC_027365.1_caudo:X:FJJNNHDD_00085 (length 72)
example_data/1/results/prokka/NC_027365.1_caudo/prokka_results_NC_027365.1_caudo:X:FJJNNHDD_7 (length 8000)
example_data/1/results/prokka/NC_027365.1_caudo/prokka_results_NC_027365.1_caudo:X:FJJNNHDD_00086 (length 286)
example_data/1/results/prokka/NC_027365.1_caudo/prokka_results_NC_027365.1_caudo:X:FJJNNHDD_00087 (length 263)
example_data/1/results/prokka/NC_027365.1_caudo/prokka_results_NC_027365.1_caudo:X:FJJNNHDD_00088 (length 132)
example_data/1/results/prokka/NC_027365.1_caudo/prokka_results_NC_027365.1_caudo:X:FJJNNHDD_00089 (length 111)
example_data/1/results/prokka/NC_027365.1_caudo/prokka_results_NC_027365.1_caudo:X:FJJNNHDD_00090 (length 86)
example_data/1/results/prokka/NC_027365.1_caudo/prokka_results_NC_027365.1_caudo:X:FJJNNHDD_00091 (length 396)
example_data/1/results/prokka/NC_027365.1_caudo/prokka_results_NC_027365.1_caudo:X:FJJNNHDD_00092 (length 108)
example_data/1/results/prokka/NC_027365.1_caudo/prokka_results_NC_027365.1_caudo:X:FJJNNHDD_00093 (length 99)
example_data/1/results/prokka/NC_027365.1_caudo/prokka_results_NC_027365.1_caudo:X:FJJNNHDD_00094 (length 100)
example_data/1/results/prokka/NC_027365.1_caudo/prokka_results_NC_027365.1_caudo:X:FJJNNHDD_00095 (length 129)
example_data/1/results/prokka/NC_027365.1_caudo/prokka_results_NC_027365.1_caudo:X:FJJNNHDD_00096 (length 143)
example_data/1/results/prokka/NC_027365.1_caudo/prokka_results_NC_027365.1_caudo:X:FJJNNHDD_00097 (length 173)
example_data/1/results/prokka/NC_027365.1_caudo/prokka_results_NC_027365.1_caudo:X:FJJNNHDD_00098 (length 330)
example_data/1/results/prokka/NC_027365.1_caudo/prokka_results_NC_027365.1_caudo:X:FJJNNHDD_8 (length 8000)
example_data/1/results/prokka/NC_027365.1_caudo/prokka_results_NC_027365.1_caudo:X:FJJNNHDD_00099 (length 66)
example_data/1/results/prokka/NC_027365.1_caudo/prokka_results_NC_027365.1_caudo:X:FJJNNHDD_00100 (length 873)
example_data/1/results/prokka/NC_027365.1_caudo/prokka_results_NC_027365.1_caudo:X:FJJNNHDD_00101 (length 153)
example_data/1/results/prokka/NC_027365.1_caudo/prokka_results_NC_027365.1_caudo:X:FJJNNHDD_00102 (length 158)
example_data/1/results/prokka/NC_027365.1_caudo/prokka_results_NC_027365.1_caudo:X:FJJNNHDD_00103 (length 246)
example_data/1/results/prokka/NC_027365.1_caudo/prokka_results_NC_027365.1_caudo:X:FJJNNHDD_00104 (length 292)
example_data/1/results/prokka/NC_027365.1_caudo/prokka_results_NC_027365.1_caudo:X:FJJNNHDD_00105 (length 68)
example_data/1/results/prokka/NC_027365.1_caudo/prokka_results_NC_027365.1_caudo:X:FJJNNHDD_00106 (length 167)
example_data/1/results/prokka/NC_027365.1_caudo/prokka_results_NC_027365.1_caudo:X:FJJNNHDD_00107 (length 191)
example_data/1/results/prokka/NC_027365.1_caudo/prokka_results_NC_027365.1_caudo:X:FJJNNHDD_00108 (length 36)
example_data/1/results/prokka/NC_027365.1_caudo/prokka_results_NC_027365.1_caudo:X:FJJNNHDD_00109 (length 89)
example_data/1/results/prokka/NC_027365.1_caudo/prokka_results_NC_027365.1_caudo:X:FJJNNHDD_9 (length 8000)
example_data/1/results/prokka/NC_027365.1_caudo/prokka_results_NC_027365.1_caudo:X:FJJNNHDD_00110 (length 60)
example_data/1/results/prokka/NC_027365.1_caudo/prokka_results_NC_027365.1_caudo:X:FJJNNHDD_00111 (length 103)
example_data/1/results/prokka/NC_027365.1_caudo/prokka_results_NC_027365.1_caudo:X:FJJNNHDD_00112 (length 103)
example_data/1/results/prokka/NC_027365.1_caudo/prokka_results_NC_027365.1_caudo:X:FJJNNHDD_00113 (length 117)
example_data/1/results/prokka/NC_027365.1_caudo/prokka_results_NC_027365.1_caudo:X:FJJNNHDD_00114 (length 79)
example_data/1/results/prokka/NC_027365.1_caudo/prokka_results_NC_027365.1_caudo:X:FJJNNHDD_00115 (length 230)
example_data/1/results/prokka/NC_027365.1_caudo/prokka_results_NC_027365.1_caudo:X:FJJNNHDD_00116 (length 123)
example_data/1/results/prokka/NC_027365.1_caudo/prokka_results_NC_027365.1_caudo:X:FJJNNHDD_00117 (length 69)
example_data/1/results/prokka/NC_027365.1_caudo/prokka_results_NC_027365.1_caudo:X:FJJNNHDD_00118 (length 73)
example_data/1/results/prokka/NC_027365.1_caudo/prokka_results_NC_027365.1_caudo:X:FJJNNHDD_00119 (length 91)
example_data/1/results/prokka/NC_027365.1_caudo/prokka_results_NC_027365.1_caudo:X:FJJNNHDD_00120 (length 198)
example_data/1/results/prokka/NC_027365.1_caudo/prokka_results_NC_027365.1_caudo:X:FJJNNHDD_00121 (length 54)
example_data/1/results/prokka/NC_027365.1_caudo/prokka_results_NC_027365.1_caudo:X:FJJNNHDD_00122 (length 287)
example_data/1/results/prokka/NC_027365.1_caudo/prokka_results_NC_027365.1_caudo:X:FJJNNHDD_00123 (length 47)
example_data/1/results/prokka/NC_027365.1_caudo/prokka_results_NC_027365.1_caudo:X:FJJNNHDD_00124 (length 72)
example_data/1/results/prokka/NC_027365.1_caudo/prokka_results_NC_027365.1_caudo:X:FJJNNHDD_00125 (length 93)
example_data/1/results/prokka/NC_027365.1_caudo/prokka_results_NC_027365.1_caudo:X:FJJNNHDD_00126 (length 38)
example_data/1/results/prokka/NC_027365.1_caudo/prokka_results_NC_027365.1_caudo:X:FJJNNHDD_00127 (length 222)
example_data/1/results/prokka/NC_027365.1_caudo/prokka_results_NC_027365.1_caudo:X:FJJNNHDD_00128 (length 87)
example_data/1/results/prokka/NC_027365.1_caudo/prokka_results_NC_027365.1_caudo:X:FJJNNHDD_00129 (length 281)
example_data/1/results/prokka/NC_027365.1_caudo/prokka_results_NC_027365.1_caudo:X:FJJNNHDD_00130 (length 56)
example_data/1/results/prokka/NC_027365.1_caudo/prokka_results_NC_027365.1_caudo:X:FJJNNHDD_10 (length 8000)
example_data/1/results/prokka/NC_027365.1_caudo/prokka_results_NC_027365.1_caudo:X:FJJNNHDD_00131 (length 91)
example_data/1/results/prokka/NC_027365.1_caudo/prokka_results_NC_027365.1_caudo:X:FJJNNHDD_00132 (length 292)
example_data/1/results/prokka/NC_027365.1_caudo/prokka_results_NC_027365.1_caudo:X:FJJNNHDD_00133 (length 68)
example_data/1/results/prokka/NC_027365.1_caudo/prokka_results_NC_027365.1_caudo:X:FJJNNHDD_00134 (length 167)
example_data/1/results/prokka/NC_027365.1_caudo/prokka_results_NC_027365.1_caudo:X:FJJNNHDD_00135 (length 191)
example_data/1/results/prokka/NC_027365.1_caudo/prokka_results_NC_027365.1_caudo:X:FJJNNHDD_00136 (length 36)
example_data/1/results/prokka/NC_027365.1_caudo/prokka_results_NC_027365.1_caudo:X:FJJNNHDD_00137 (length 89)
example_data/1/results/prokka/NC_027365.1_caudo/prokka_results_NC_027365.1_caudo:X:FJJNNHDD_00138 (length 125)
example_data/1/results/prokka/NC_027365.1_caudo/prokka_results_NC_027365.1_caudo:X:FJJNNHDD_00139 (length 56)
example_data/1/results/prokka/NC_027365.1_caudo/prokka_results_NC_027365.1_caudo:X:FJJNNHDD_00140 (length 77)
example_data/1/results/prokka/NC_027365.1_caudo/prokka_results_NC_027365.1_caudo:X:FJJNNHDD_00141 (length 102)
example_data/1/results/prokka/NC_027365.1_caudo/prokka_results_NC_027365.1_caudo:X:FJJNNHDD_00142 (length 51)
example_data/1/results/prokka/NC_027365.1_caudo/prokka_results_NC_027365.1_caudo:X:FJJNNHDD_00143 (length 115)
example_data/1/results/prokka/NC_027365.1_caudo/prokka_results_NC_027365.1_caudo:X:FJJNNHDD_00144 (length 263)
example_data/1/results/prokka/NC_027365.1_caudo/prokka_results_NC_027365.1_caudo:X:FJJNNHDD_00145 (length 235)
example_data/1/results/prokka/NC_027365.1_caudo/prokka_results_NC_027365.1_caudo:X:FJJNNHDD_00146 (length 235)
example_data/1/results/prokka/NC_027365.1_caudo/prokka_results_NC_027365.1_caudo:X:FJJNNHDD_00147 (length 70)
example_data/1/results/prokka/NC_027365.1_caudo/prokka_results_NC_027365.1_caudo:X:FJJNNHDD_00148 (length 101)

DiscRep_ALL:DISC_INCONSISTENT_MOLINFO_TECH::Molinfo Technique Report (some missing, all same)
DiscRep_SUB:DISC_INCONSISTENT_MOLINFO_TECH::technique (all missing)
DiscRep_SUB:DISC_INCONSISTENT_MOLINFO_TECH::10 Molinfos are missing field technique
example_data/1/results/prokka/NC_027365.1_caudo/prokka_results_NC_027365.1_caudo:X:FJJNNHDD_1 (length 8000)
example_data/1/results/prokka/NC_027365.1_caudo/prokka_results_NC_027365.1_caudo:X:FJJNNHDD_2 (length 8000)
example_data/1/results/prokka/NC_027365.1_caudo/prokka_results_NC_027365.1_caudo:X:FJJNNHDD_3 (length 8000)
example_data/1/results/prokka/NC_027365.1_caudo/prokka_results_NC_027365.1_caudo:X:FJJNNHDD_4 (length 8000)
example_data/1/results/prokka/NC_027365.1_caudo/prokka_results_NC_027365.1_caudo:X:FJJNNHDD_5 (length 8000)
example_data/1/results/prokka/NC_027365.1_caudo/prokka_results_NC_027365.1_caudo:X:FJJNNHDD_6 (length 8000)
example_data/1/results/prokka/NC_027365.1_caudo/prokka_results_NC_027365.1_caudo:X:FJJNNHDD_7 (length 8000)
example_data/1/results/prokka/NC_027365.1_caudo/prokka_results_NC_027365.1_caudo:X:FJJNNHDD_8 (length 8000)
example_data/1/results/prokka/NC_027365.1_caudo/prokka_results_NC_027365.1_caudo:X:FJJNNHDD_9 (length 8000)
example_data/1/results/prokka/NC_027365.1_caudo/prokka_results_NC_027365.1_caudo:X:FJJNNHDD_10 (length 8000)

