Discrepancy Report Results

Summary
DISC_SOURCE_QUALS_ASNDISC:strain (all present, all same)
DISC_SOURCE_QUALS_ASNDISC:taxname (all present, all same)
DISC_FEATURE_COUNT:gene: 120 present
DISC_FEATURE_COUNT:CDS: 120 present
DISC_COUNT_NUCLEOTIDES:10 nucleotide Bioseqs are present
OVERLAPPING_GENES:29 genes overlap another gene on the same strand.
OVERLAPPING_CDS:29 coding regions overlap another coding region with a similar or identical name.
DISC_QUALITY_SCORES:Quality scores are missing on all sequences.
ONCALLER_COMMENT_PRESENT:10 comment descriptors were found (all same)
SHORT_PROT_SEQUENCES:1 protein sequences are shorter than 50 aa.
MISSING_GENOMEASSEMBLY_COMMENTS:10 bioseqs are missing GenomeAssembly structured comments
MOLTYPE_NOT_MRNA:10 molecule types are not set as mRNA.
TECHNIQUE_NOT_TSA:10 technique are not set as TSA
MISSING_STRUCTURED_COMMENT:10 sequences do not include structured comments.
MISSING_PROJECT:130 sequences do not include project.
DISC_INCONSISTENT_MOLINFO_TECH:Molinfo Technique Report (some missing, all same)


Detailed Report

DiscRep_ALL:DISC_SOURCE_QUALS_ASNDISC::strain (all present, all same)
DiscRep_SUB:DISC_SOURCE_QUALS_ASNDISC::10 sources have 'strain' for strain
DiscRep_ALL:DISC_SOURCE_QUALS_ASNDISC::taxname (all present, all same)
DiscRep_SUB:DISC_SOURCE_QUALS_ASNDISC::10 sources have 'Genus species' for taxname
DiscRep_ALL:DISC_FEATURE_COUNT::gene: 120 present
DiscRep_ALL:DISC_FEATURE_COUNT::CDS: 120 present
DiscRep_ALL:DISC_COUNT_NUCLEOTIDES::10 nucleotide Bioseqs are present
example_data/1/results/prokka/NC_027362.1_caudo/prokka_results_NC_027362.1_caudo:X:PJIMHBMA_1 (length 8000)
example_data/1/results/prokka/NC_027362.1_caudo/prokka_results_NC_027362.1_caudo:X:PJIMHBMA_2 (length 8000, 2 other)
example_data/1/results/prokka/NC_027362.1_caudo/prokka_results_NC_027362.1_caudo:X:PJIMHBMA_3 (length 8000, 1 other)
example_data/1/results/prokka/NC_027362.1_caudo/prokka_results_NC_027362.1_caudo:X:PJIMHBMA_4 (length 8000, 1 other)
example_data/1/results/prokka/NC_027362.1_caudo/prokka_results_NC_027362.1_caudo:X:PJIMHBMA_5 (length 8000, 1 other)
example_data/1/results/prokka/NC_027362.1_caudo/prokka_results_NC_027362.1_caudo:X:PJIMHBMA_6 (length 8000)
example_data/1/results/prokka/NC_027362.1_caudo/prokka_results_NC_027362.1_caudo:X:PJIMHBMA_7 (length 8000, 2 other)
example_data/1/results/prokka/NC_027362.1_caudo/prokka_results_NC_027362.1_caudo:X:PJIMHBMA_8 (length 8000, 1 other)
example_data/1/results/prokka/NC_027362.1_caudo/prokka_results_NC_027362.1_caudo:X:PJIMHBMA_9 (length 8000, 1 other)
example_data/1/results/prokka/NC_027362.1_caudo/prokka_results_NC_027362.1_caudo:X:PJIMHBMA_10 (length 8000, 2 other)

DiscRep_ALL:OVERLAPPING_GENES::29 genes overlap another gene on the same strand.
example_data/1/results/prokka/NC_027362.1_caudo/prokka_results_NC_027362.1_caudo:Gene	PJIMHBMA_00006	PJIMHBMA_1:2912-3202	PJIMHBMA_00006
example_data/1/results/prokka/NC_027362.1_caudo/prokka_results_NC_027362.1_caudo:Gene	PJIMHBMA_00007	PJIMHBMA_1:3199-3570	PJIMHBMA_00007
example_data/1/results/prokka/NC_027362.1_caudo/prokka_results_NC_027362.1_caudo:Gene	PJIMHBMA_00018	PJIMHBMA_2:4293-4571	PJIMHBMA_00018
example_data/1/results/prokka/NC_027362.1_caudo/prokka_results_NC_027362.1_caudo:Gene	PJIMHBMA_00019	PJIMHBMA_2:4568-4939	PJIMHBMA_00019
example_data/1/results/prokka/NC_027362.1_caudo/prokka_results_NC_027362.1_caudo:Gene	PJIMHBMA_00041	PJIMHBMA_4:3359-3649	PJIMHBMA_00041
example_data/1/results/prokka/NC_027362.1_caudo/prokka_results_NC_027362.1_caudo:Gene	PJIMHBMA_00042	PJIMHBMA_4:3646-4017	PJIMHBMA_00042
example_data/1/results/prokka/NC_027362.1_caudo/prokka_results_NC_027362.1_caudo:Gene	PJIMHBMA_00057	PJIMHBMA_5:c5802-4762	PJIMHBMA_00057
example_data/1/results/prokka/NC_027362.1_caudo/prokka_results_NC_027362.1_caudo:Gene	PJIMHBMA_00058	PJIMHBMA_5:c5993-5799	PJIMHBMA_00058
example_data/1/results/prokka/NC_027362.1_caudo/prokka_results_NC_027362.1_caudo:Gene	PJIMHBMA_00059	PJIMHBMA_5:c6534-5977	PJIMHBMA_00059
example_data/1/results/prokka/NC_027362.1_caudo/prokka_results_NC_027362.1_caudo:Gene	PJIMHBMA_00060	PJIMHBMA_5:c7097-6531	PJIMHBMA_00060
example_data/1/results/prokka/NC_027362.1_caudo/prokka_results_NC_027362.1_caudo:Gene	PJIMHBMA_00070	PJIMHBMA_7:43-1554	PJIMHBMA_00070
example_data/1/results/prokka/NC_027362.1_caudo/prokka_results_NC_027362.1_caudo:Gene	PJIMHBMA_00071	PJIMHBMA_7:1551-2876	PJIMHBMA_00071
example_data/1/results/prokka/NC_027362.1_caudo/prokka_results_NC_027362.1_caudo:Gene	PJIMHBMA_00077	PJIMHBMA_7:6136-6414	PJIMHBMA_00077
example_data/1/results/prokka/NC_027362.1_caudo/prokka_results_NC_027362.1_caudo:Gene	PJIMHBMA_00078	PJIMHBMA_7:6411-6782	PJIMHBMA_00078
example_data/1/results/prokka/NC_027362.1_caudo/prokka_results_NC_027362.1_caudo:Gene	PJIMHBMA_00088	PJIMHBMA_8:c4645-3605	PJIMHBMA_00088
example_data/1/results/prokka/NC_027362.1_caudo/prokka_results_NC_027362.1_caudo:Gene	PJIMHBMA_00089	PJIMHBMA_8:c4836-4642	PJIMHBMA_00089
example_data/1/results/prokka/NC_027362.1_caudo/prokka_results_NC_027362.1_caudo:Gene	PJIMHBMA_00090	PJIMHBMA_8:c5377-4820	PJIMHBMA_00090
example_data/1/results/prokka/NC_027362.1_caudo/prokka_results_NC_027362.1_caudo:Gene	PJIMHBMA_00091	PJIMHBMA_8:c5940-5374	PJIMHBMA_00091
example_data/1/results/prokka/NC_027362.1_caudo/prokka_results_NC_027362.1_caudo:Gene	PJIMHBMA_00097	PJIMHBMA_9:c1859-819	PJIMHBMA_00097
example_data/1/results/prokka/NC_027362.1_caudo/prokka_results_NC_027362.1_caudo:Gene	PJIMHBMA_00098	PJIMHBMA_9:c2050-1856	PJIMHBMA_00098
example_data/1/results/prokka/NC_027362.1_caudo/prokka_results_NC_027362.1_caudo:Gene	PJIMHBMA_00099	PJIMHBMA_9:c2591-2034	PJIMHBMA_00099
example_data/1/results/prokka/NC_027362.1_caudo/prokka_results_NC_027362.1_caudo:Gene	PJIMHBMA_00100	PJIMHBMA_9:c3154-2588	PJIMHBMA_00100
example_data/1/results/prokka/NC_027362.1_caudo/prokka_results_NC_027362.1_caudo:Gene	PJIMHBMA_00105	PJIMHBMA_9:c6250-5840	PJIMHBMA_00105
example_data/1/results/prokka/NC_027362.1_caudo/prokka_results_NC_027362.1_caudo:Gene	PJIMHBMA_00106	PJIMHBMA_9:c7194-6247	PJIMHBMA_00106
example_data/1/results/prokka/NC_027362.1_caudo/prokka_results_NC_027362.1_caudo:Gene	PJIMHBMA_00107	PJIMHBMA_9:c7553-7194	PJIMHBMA_00107
example_data/1/results/prokka/NC_027362.1_caudo/prokka_results_NC_027362.1_caudo:Gene	PJIMHBMA_00109	PJIMHBMA_10:51-647	PJIMHBMA_00109
example_data/1/results/prokka/NC_027362.1_caudo/prokka_results_NC_027362.1_caudo:Gene	PJIMHBMA_00110	PJIMHBMA_10:644-1969	PJIMHBMA_00110
example_data/1/results/prokka/NC_027362.1_caudo/prokka_results_NC_027362.1_caudo:Gene	PJIMHBMA_00116	PJIMHBMA_10:5229-5507	PJIMHBMA_00116
example_data/1/results/prokka/NC_027362.1_caudo/prokka_results_NC_027362.1_caudo:Gene	PJIMHBMA_00117	PJIMHBMA_10:5504-5875	PJIMHBMA_00117

DiscRep_ALL:OVERLAPPING_CDS::29 coding regions overlap another coding region with a similar or identical name.
DiscRep_SUB:OVERLAPPING_CDS::29 coding regions overlap another coding region with a similar or identical name that do not have the appropriate note text
example_data/1/results/prokka/NC_027362.1_caudo/prokka_results_NC_027362.1_caudo:CDS	unannotated protein	PJIMHBMA_1:2912-3202	PJIMHBMA_00006
example_data/1/results/prokka/NC_027362.1_caudo/prokka_results_NC_027362.1_caudo:CDS	unannotated protein	PJIMHBMA_1:3199-3570	PJIMHBMA_00007
example_data/1/results/prokka/NC_027362.1_caudo/prokka_results_NC_027362.1_caudo:CDS	unannotated protein	PJIMHBMA_2:4293-4571	PJIMHBMA_00018
example_data/1/results/prokka/NC_027362.1_caudo/prokka_results_NC_027362.1_caudo:CDS	unannotated protein	PJIMHBMA_2:4568-4939	PJIMHBMA_00019
example_data/1/results/prokka/NC_027362.1_caudo/prokka_results_NC_027362.1_caudo:CDS	unannotated protein	PJIMHBMA_4:3359-3649	PJIMHBMA_00041
example_data/1/results/prokka/NC_027362.1_caudo/prokka_results_NC_027362.1_caudo:CDS	unannotated protein	PJIMHBMA_4:3646-4017	PJIMHBMA_00042
example_data/1/results/prokka/NC_027362.1_caudo/prokka_results_NC_027362.1_caudo:CDS	unannotated protein	PJIMHBMA_5:c5802-4762	PJIMHBMA_00057
example_data/1/results/prokka/NC_027362.1_caudo/prokka_results_NC_027362.1_caudo:CDS	unannotated protein	PJIMHBMA_5:c5993-5799	PJIMHBMA_00058
example_data/1/results/prokka/NC_027362.1_caudo/prokka_results_NC_027362.1_caudo:CDS	unannotated protein	PJIMHBMA_5:c6534-5977	PJIMHBMA_00059
example_data/1/results/prokka/NC_027362.1_caudo/prokka_results_NC_027362.1_caudo:CDS	unannotated protein	PJIMHBMA_5:c7097-6531	PJIMHBMA_00060
example_data/1/results/prokka/NC_027362.1_caudo/prokka_results_NC_027362.1_caudo:CDS	unannotated protein	PJIMHBMA_7:43-1554	PJIMHBMA_00070
example_data/1/results/prokka/NC_027362.1_caudo/prokka_results_NC_027362.1_caudo:CDS	unannotated protein	PJIMHBMA_7:1551-2876	PJIMHBMA_00071
example_data/1/results/prokka/NC_027362.1_caudo/prokka_results_NC_027362.1_caudo:CDS	unannotated protein	PJIMHBMA_7:6136-6414	PJIMHBMA_00077
example_data/1/results/prokka/NC_027362.1_caudo/prokka_results_NC_027362.1_caudo:CDS	unannotated protein	PJIMHBMA_7:6411-6782	PJIMHBMA_00078
example_data/1/results/prokka/NC_027362.1_caudo/prokka_results_NC_027362.1_caudo:CDS	unannotated protein	PJIMHBMA_8:c4645-3605	PJIMHBMA_00088
example_data/1/results/prokka/NC_027362.1_caudo/prokka_results_NC_027362.1_caudo:CDS	unannotated protein	PJIMHBMA_8:c4836-4642	PJIMHBMA_00089
example_data/1/results/prokka/NC_027362.1_caudo/prokka_results_NC_027362.1_caudo:CDS	unannotated protein	PJIMHBMA_8:c5377-4820	PJIMHBMA_00090
example_data/1/results/prokka/NC_027362.1_caudo/prokka_results_NC_027362.1_caudo:CDS	unannotated protein	PJIMHBMA_8:c5940-5374	PJIMHBMA_00091
example_data/1/results/prokka/NC_027362.1_caudo/prokka_results_NC_027362.1_caudo:CDS	unannotated protein	PJIMHBMA_9:c1859-819	PJIMHBMA_00097
example_data/1/results/prokka/NC_027362.1_caudo/prokka_results_NC_027362.1_caudo:CDS	unannotated protein	PJIMHBMA_9:c2050-1856	PJIMHBMA_00098
example_data/1/results/prokka/NC_027362.1_caudo/prokka_results_NC_027362.1_caudo:CDS	unannotated protein	PJIMHBMA_9:c2591-2034	PJIMHBMA_00099
example_data/1/results/prokka/NC_027362.1_caudo/prokka_results_NC_027362.1_caudo:CDS	unannotated protein	PJIMHBMA_9:c3154-2588	PJIMHBMA_00100
example_data/1/results/prokka/NC_027362.1_caudo/prokka_results_NC_027362.1_caudo:CDS	unannotated protein	PJIMHBMA_9:c6250-5840	PJIMHBMA_00105
example_data/1/results/prokka/NC_027362.1_caudo/prokka_results_NC_027362.1_caudo:CDS	unannotated protein	PJIMHBMA_9:c7194-6247	PJIMHBMA_00106
example_data/1/results/prokka/NC_027362.1_caudo/prokka_results_NC_027362.1_caudo:CDS	unannotated protein	PJIMHBMA_9:c7553-7194	PJIMHBMA_00107
example_data/1/results/prokka/NC_027362.1_caudo/prokka_results_NC_027362.1_caudo:CDS	unannotated protein	PJIMHBMA_10:51-647	PJIMHBMA_00109
example_data/1/results/prokka/NC_027362.1_caudo/prokka_results_NC_027362.1_caudo:CDS	unannotated protein	PJIMHBMA_10:644-1969	PJIMHBMA_00110
example_data/1/results/prokka/NC_027362.1_caudo/prokka_results_NC_027362.1_caudo:CDS	unannotated protein	PJIMHBMA_10:5229-5507	PJIMHBMA_00116
example_data/1/results/prokka/NC_027362.1_caudo/prokka_results_NC_027362.1_caudo:CDS	unannotated protein	PJIMHBMA_10:5504-5875	PJIMHBMA_00117

DiscRep_ALL:DISC_QUALITY_SCORES::Quality scores are missing on all sequences.

DiscRep_ALL:ONCALLER_COMMENT_PRESENT::10 comment descriptors were found (all same)
example_data/1/results/prokka/NC_027362.1_caudo/prokka_results_NC_027362.1_caudo:X:PJIMHBMA_1:Annotated using prokka 1.14.6 from https://github.com/tseemann/prokka
example_data/1/results/prokka/NC_027362.1_caudo/prokka_results_NC_027362.1_caudo:X:PJIMHBMA_2:Annotated using prokka 1.14.6 from https://github.com/tseemann/prokka
example_data/1/results/prokka/NC_027362.1_caudo/prokka_results_NC_027362.1_caudo:X:PJIMHBMA_3:Annotated using prokka 1.14.6 from https://github.com/tseemann/prokka
example_data/1/results/prokka/NC_027362.1_caudo/prokka_results_NC_027362.1_caudo:X:PJIMHBMA_4:Annotated using prokka 1.14.6 from https://github.com/tseemann/prokka
example_data/1/results/prokka/NC_027362.1_caudo/prokka_results_NC_027362.1_caudo:X:PJIMHBMA_5:Annotated using prokka 1.14.6 from https://github.com/tseemann/prokka
example_data/1/results/prokka/NC_027362.1_caudo/prokka_results_NC_027362.1_caudo:X:PJIMHBMA_6:Annotated using prokka 1.14.6 from https://github.com/tseemann/prokka
example_data/1/results/prokka/NC_027362.1_caudo/prokka_results_NC_027362.1_caudo:X:PJIMHBMA_7:Annotated using prokka 1.14.6 from https://github.com/tseemann/prokka
example_data/1/results/prokka/NC_027362.1_caudo/prokka_results_NC_027362.1_caudo:X:PJIMHBMA_8:Annotated using prokka 1.14.6 from https://github.com/tseemann/prokka
example_data/1/results/prokka/NC_027362.1_caudo/prokka_results_NC_027362.1_caudo:X:PJIMHBMA_9:Annotated using prokka 1.14.6 from https://github.com/tseemann/prokka
example_data/1/results/prokka/NC_027362.1_caudo/prokka_results_NC_027362.1_caudo:X:PJIMHBMA_10:Annotated using prokka 1.14.6 from https://github.com/tseemann/prokka

DiscRep_ALL:SHORT_PROT_SEQUENCES::1 protein sequences are shorter than 50 aa.
example_data/1/results/prokka/NC_027362.1_caudo/prokka_results_NC_027362.1_caudo:X:PJIMHBMA_00024 (length 39)

DiscRep_ALL:MISSING_GENOMEASSEMBLY_COMMENTS::10 bioseqs are missing GenomeAssembly structured comments
example_data/1/results/prokka/NC_027362.1_caudo/prokka_results_NC_027362.1_caudo:X:PJIMHBMA_1 (length 8000)
example_data/1/results/prokka/NC_027362.1_caudo/prokka_results_NC_027362.1_caudo:X:PJIMHBMA_2 (length 8000, 2 other)
example_data/1/results/prokka/NC_027362.1_caudo/prokka_results_NC_027362.1_caudo:X:PJIMHBMA_3 (length 8000, 1 other)
example_data/1/results/prokka/NC_027362.1_caudo/prokka_results_NC_027362.1_caudo:X:PJIMHBMA_4 (length 8000, 1 other)
example_data/1/results/prokka/NC_027362.1_caudo/prokka_results_NC_027362.1_caudo:X:PJIMHBMA_5 (length 8000, 1 other)
example_data/1/results/prokka/NC_027362.1_caudo/prokka_results_NC_027362.1_caudo:X:PJIMHBMA_6 (length 8000)
example_data/1/results/prokka/NC_027362.1_caudo/prokka_results_NC_027362.1_caudo:X:PJIMHBMA_7 (length 8000, 2 other)
example_data/1/results/prokka/NC_027362.1_caudo/prokka_results_NC_027362.1_caudo:X:PJIMHBMA_8 (length 8000, 1 other)
example_data/1/results/prokka/NC_027362.1_caudo/prokka_results_NC_027362.1_caudo:X:PJIMHBMA_9 (length 8000, 1 other)
example_data/1/results/prokka/NC_027362.1_caudo/prokka_results_NC_027362.1_caudo:X:PJIMHBMA_10 (length 8000, 2 other)

DiscRep_ALL:MOLTYPE_NOT_MRNA::10 molecule types are not set as mRNA.
example_data/1/results/prokka/NC_027362.1_caudo/prokka_results_NC_027362.1_caudo:X:PJIMHBMA_1 (length 8000)
example_data/1/results/prokka/NC_027362.1_caudo/prokka_results_NC_027362.1_caudo:X:PJIMHBMA_2 (length 8000, 2 other)
example_data/1/results/prokka/NC_027362.1_caudo/prokka_results_NC_027362.1_caudo:X:PJIMHBMA_3 (length 8000, 1 other)
example_data/1/results/prokka/NC_027362.1_caudo/prokka_results_NC_027362.1_caudo:X:PJIMHBMA_4 (length 8000, 1 other)
example_data/1/results/prokka/NC_027362.1_caudo/prokka_results_NC_027362.1_caudo:X:PJIMHBMA_5 (length 8000, 1 other)
example_data/1/results/prokka/NC_027362.1_caudo/prokka_results_NC_027362.1_caudo:X:PJIMHBMA_6 (length 8000)
example_data/1/results/prokka/NC_027362.1_caudo/prokka_results_NC_027362.1_caudo:X:PJIMHBMA_7 (length 8000, 2 other)
example_data/1/results/prokka/NC_027362.1_caudo/prokka_results_NC_027362.1_caudo:X:PJIMHBMA_8 (length 8000, 1 other)
example_data/1/results/prokka/NC_027362.1_caudo/prokka_results_NC_027362.1_caudo:X:PJIMHBMA_9 (length 8000, 1 other)
example_data/1/results/prokka/NC_027362.1_caudo/prokka_results_NC_027362.1_caudo:X:PJIMHBMA_10 (length 8000, 2 other)

DiscRep_ALL:TECHNIQUE_NOT_TSA::10 technique are not set as TSA
example_data/1/results/prokka/NC_027362.1_caudo/prokka_results_NC_027362.1_caudo:X:PJIMHBMA_1 (length 8000)
example_data/1/results/prokka/NC_027362.1_caudo/prokka_results_NC_027362.1_caudo:X:PJIMHBMA_2 (length 8000, 2 other)
example_data/1/results/prokka/NC_027362.1_caudo/prokka_results_NC_027362.1_caudo:X:PJIMHBMA_3 (length 8000, 1 other)
example_data/1/results/prokka/NC_027362.1_caudo/prokka_results_NC_027362.1_caudo:X:PJIMHBMA_4 (length 8000, 1 other)
example_data/1/results/prokka/NC_027362.1_caudo/prokka_results_NC_027362.1_caudo:X:PJIMHBMA_5 (length 8000, 1 other)
example_data/1/results/prokka/NC_027362.1_caudo/prokka_results_NC_027362.1_caudo:X:PJIMHBMA_6 (length 8000)
example_data/1/results/prokka/NC_027362.1_caudo/prokka_results_NC_027362.1_caudo:X:PJIMHBMA_7 (length 8000, 2 other)
example_data/1/results/prokka/NC_027362.1_caudo/prokka_results_NC_027362.1_caudo:X:PJIMHBMA_8 (length 8000, 1 other)
example_data/1/results/prokka/NC_027362.1_caudo/prokka_results_NC_027362.1_caudo:X:PJIMHBMA_9 (length 8000, 1 other)
example_data/1/results/prokka/NC_027362.1_caudo/prokka_results_NC_027362.1_caudo:X:PJIMHBMA_10 (length 8000, 2 other)

DiscRep_ALL:MISSING_STRUCTURED_COMMENT::10 sequences do not include structured comments.
example_data/1/results/prokka/NC_027362.1_caudo/prokka_results_NC_027362.1_caudo:X:PJIMHBMA_1 (length 8000)
example_data/1/results/prokka/NC_027362.1_caudo/prokka_results_NC_027362.1_caudo:X:PJIMHBMA_2 (length 8000, 2 other)
example_data/1/results/prokka/NC_027362.1_caudo/prokka_results_NC_027362.1_caudo:X:PJIMHBMA_3 (length 8000, 1 other)
example_data/1/results/prokka/NC_027362.1_caudo/prokka_results_NC_027362.1_caudo:X:PJIMHBMA_4 (length 8000, 1 other)
example_data/1/results/prokka/NC_027362.1_caudo/prokka_results_NC_027362.1_caudo:X:PJIMHBMA_5 (length 8000, 1 other)
example_data/1/results/prokka/NC_027362.1_caudo/prokka_results_NC_027362.1_caudo:X:PJIMHBMA_6 (length 8000)
example_data/1/results/prokka/NC_027362.1_caudo/prokka_results_NC_027362.1_caudo:X:PJIMHBMA_7 (length 8000, 2 other)
example_data/1/results/prokka/NC_027362.1_caudo/prokka_results_NC_027362.1_caudo:X:PJIMHBMA_8 (length 8000, 1 other)
example_data/1/results/prokka/NC_027362.1_caudo/prokka_results_NC_027362.1_caudo:X:PJIMHBMA_9 (length 8000, 1 other)
example_data/1/results/prokka/NC_027362.1_caudo/prokka_results_NC_027362.1_caudo:X:PJIMHBMA_10 (length 8000, 2 other)

DiscRep_ALL:MISSING_PROJECT::130 sequences do not include project.
example_data/1/results/prokka/NC_027362.1_caudo/prokka_results_NC_027362.1_caudo:X:PJIMHBMA_1 (length 8000)
example_data/1/results/prokka/NC_027362.1_caudo/prokka_results_NC_027362.1_caudo:X:PJIMHBMA_00001 (length 134)
example_data/1/results/prokka/NC_027362.1_caudo/prokka_results_NC_027362.1_caudo:X:PJIMHBMA_00002 (length 186)
example_data/1/results/prokka/NC_027362.1_caudo/prokka_results_NC_027362.1_caudo:X:PJIMHBMA_00003 (length 315)
example_data/1/results/prokka/NC_027362.1_caudo/prokka_results_NC_027362.1_caudo:X:PJIMHBMA_00004 (length 153)
example_data/1/results/prokka/NC_027362.1_caudo/prokka_results_NC_027362.1_caudo:X:PJIMHBMA_00005 (length 115)
example_data/1/results/prokka/NC_027362.1_caudo/prokka_results_NC_027362.1_caudo:X:PJIMHBMA_00006 (length 96)
example_data/1/results/prokka/NC_027362.1_caudo/prokka_results_NC_027362.1_caudo:X:PJIMHBMA_00007 (length 123)
example_data/1/results/prokka/NC_027362.1_caudo/prokka_results_NC_027362.1_caudo:X:PJIMHBMA_00008 (length 210)
example_data/1/results/prokka/NC_027362.1_caudo/prokka_results_NC_027362.1_caudo:X:PJIMHBMA_00009 (length 98)
example_data/1/results/prokka/NC_027362.1_caudo/prokka_results_NC_027362.1_caudo:X:PJIMHBMA_00010 (length 95)
example_data/1/results/prokka/NC_027362.1_caudo/prokka_results_NC_027362.1_caudo:X:PJIMHBMA_00011 (length 921)
example_data/1/results/prokka/NC_027362.1_caudo/prokka_results_NC_027362.1_caudo:X:PJIMHBMA_2 (length 8000, 2 other)
example_data/1/results/prokka/NC_027362.1_caudo/prokka_results_NC_027362.1_caudo:X:PJIMHBMA_00012 (length 333)
example_data/1/results/prokka/NC_027362.1_caudo/prokka_results_NC_027362.1_caudo:X:PJIMHBMA_00013 (length 251)
example_data/1/results/prokka/NC_027362.1_caudo/prokka_results_NC_027362.1_caudo:X:PJIMHBMA_00014 (length 186)
example_data/1/results/prokka/NC_027362.1_caudo/prokka_results_NC_027362.1_caudo:X:PJIMHBMA_00015 (length 315)
example_data/1/results/prokka/NC_027362.1_caudo/prokka_results_NC_027362.1_caudo:X:PJIMHBMA_00016 (length 153)
example_data/1/results/prokka/NC_027362.1_caudo/prokka_results_NC_027362.1_caudo:X:PJIMHBMA_00017 (length 115)
example_data/1/results/prokka/NC_027362.1_caudo/prokka_results_NC_027362.1_caudo:X:PJIMHBMA_00018 (length 92)
example_data/1/results/prokka/NC_027362.1_caudo/prokka_results_NC_027362.1_caudo:X:PJIMHBMA_00019 (length 123)
example_data/1/results/prokka/NC_027362.1_caudo/prokka_results_NC_027362.1_caudo:X:PJIMHBMA_00020 (length 211)
example_data/1/results/prokka/NC_027362.1_caudo/prokka_results_NC_027362.1_caudo:X:PJIMHBMA_00021 (length 98)
example_data/1/results/prokka/NC_027362.1_caudo/prokka_results_NC_027362.1_caudo:X:PJIMHBMA_00022 (length 95)
example_data/1/results/prokka/NC_027362.1_caudo/prokka_results_NC_027362.1_caudo:X:PJIMHBMA_00023 (length 337)
example_data/1/results/prokka/NC_027362.1_caudo/prokka_results_NC_027362.1_caudo:X:PJIMHBMA_3 (length 8000, 1 other)
example_data/1/results/prokka/NC_027362.1_caudo/prokka_results_NC_027362.1_caudo:X:PJIMHBMA_00024 (length 39)
example_data/1/results/prokka/NC_027362.1_caudo/prokka_results_NC_027362.1_caudo:X:PJIMHBMA_00025 (length 315)
example_data/1/results/prokka/NC_027362.1_caudo/prokka_results_NC_027362.1_caudo:X:PJIMHBMA_00026 (length 385)
example_data/1/results/prokka/NC_027362.1_caudo/prokka_results_NC_027362.1_caudo:X:PJIMHBMA_00027 (length 272)
example_data/1/results/prokka/NC_027362.1_caudo/prokka_results_NC_027362.1_caudo:X:PJIMHBMA_00028 (length 87)
example_data/1/results/prokka/NC_027362.1_caudo/prokka_results_NC_027362.1_caudo:X:PJIMHBMA_00029 (length 265)
example_data/1/results/prokka/NC_027362.1_caudo/prokka_results_NC_027362.1_caudo:X:PJIMHBMA_00030 (length 285)
example_data/1/results/prokka/NC_027362.1_caudo/prokka_results_NC_027362.1_caudo:X:PJIMHBMA_00031 (length 132)
example_data/1/results/prokka/NC_027362.1_caudo/prokka_results_NC_027362.1_caudo:X:PJIMHBMA_00032 (length 164)
example_data/1/results/prokka/NC_027362.1_caudo/prokka_results_NC_027362.1_caudo:X:PJIMHBMA_00033 (length 102)
example_data/1/results/prokka/NC_027362.1_caudo/prokka_results_NC_027362.1_caudo:X:PJIMHBMA_00034 (length 57)
example_data/1/results/prokka/NC_027362.1_caudo/prokka_results_NC_027362.1_caudo:X:PJIMHBMA_00035 (length 130)
example_data/1/results/prokka/NC_027362.1_caudo/prokka_results_NC_027362.1_caudo:X:PJIMHBMA_4 (length 8000, 1 other)
example_data/1/results/prokka/NC_027362.1_caudo/prokka_results_NC_027362.1_caudo:X:PJIMHBMA_00036 (length 251)
example_data/1/results/prokka/NC_027362.1_caudo/prokka_results_NC_027362.1_caudo:X:PJIMHBMA_00037 (length 186)
example_data/1/results/prokka/NC_027362.1_caudo/prokka_results_NC_027362.1_caudo:X:PJIMHBMA_00038 (length 315)
example_data/1/results/prokka/NC_027362.1_caudo/prokka_results_NC_027362.1_caudo:X:PJIMHBMA_00039 (length 153)
example_data/1/results/prokka/NC_027362.1_caudo/prokka_results_NC_027362.1_caudo:X:PJIMHBMA_00040 (length 115)
example_data/1/results/prokka/NC_027362.1_caudo/prokka_results_NC_027362.1_caudo:X:PJIMHBMA_00041 (length 96)
example_data/1/results/prokka/NC_027362.1_caudo/prokka_results_NC_027362.1_caudo:X:PJIMHBMA_00042 (length 123)
example_data/1/results/prokka/NC_027362.1_caudo/prokka_results_NC_027362.1_caudo:X:PJIMHBMA_00043 (length 210)
example_data/1/results/prokka/NC_027362.1_caudo/prokka_results_NC_027362.1_caudo:X:PJIMHBMA_00044 (length 98)
example_data/1/results/prokka/NC_027362.1_caudo/prokka_results_NC_027362.1_caudo:X:PJIMHBMA_00045 (length 95)
example_data/1/results/prokka/NC_027362.1_caudo/prokka_results_NC_027362.1_caudo:X:PJIMHBMA_00046 (length 337)
example_data/1/results/prokka/NC_027362.1_caudo/prokka_results_NC_027362.1_caudo:X:PJIMHBMA_00047 (length 244)
example_data/1/results/prokka/NC_027362.1_caudo/prokka_results_NC_027362.1_caudo:X:PJIMHBMA_5 (length 8000, 1 other)
example_data/1/results/prokka/NC_027362.1_caudo/prokka_results_NC_027362.1_caudo:X:PJIMHBMA_00048 (length 226)
example_data/1/results/prokka/NC_027362.1_caudo/prokka_results_NC_027362.1_caudo:X:PJIMHBMA_00049 (length 87)
example_data/1/results/prokka/NC_027362.1_caudo/prokka_results_NC_027362.1_caudo:X:PJIMHBMA_00050 (length 265)
example_data/1/results/prokka/NC_027362.1_caudo/prokka_results_NC_027362.1_caudo:X:PJIMHBMA_00051 (length 285)
example_data/1/results/prokka/NC_027362.1_caudo/prokka_results_NC_027362.1_caudo:X:PJIMHBMA_00052 (length 132)
example_data/1/results/prokka/NC_027362.1_caudo/prokka_results_NC_027362.1_caudo:X:PJIMHBMA_00053 (length 164)
example_data/1/results/prokka/NC_027362.1_caudo/prokka_results_NC_027362.1_caudo:X:PJIMHBMA_00054 (length 132)
example_data/1/results/prokka/NC_027362.1_caudo/prokka_results_NC_027362.1_caudo:X:PJIMHBMA_00055 (length 91)
example_data/1/results/prokka/NC_027362.1_caudo/prokka_results_NC_027362.1_caudo:X:PJIMHBMA_00056 (length 106)
example_data/1/results/prokka/NC_027362.1_caudo/prokka_results_NC_027362.1_caudo:X:PJIMHBMA_00057 (length 346)
example_data/1/results/prokka/NC_027362.1_caudo/prokka_results_NC_027362.1_caudo:X:PJIMHBMA_00058 (length 64)
example_data/1/results/prokka/NC_027362.1_caudo/prokka_results_NC_027362.1_caudo:X:PJIMHBMA_00059 (length 185)
example_data/1/results/prokka/NC_027362.1_caudo/prokka_results_NC_027362.1_caudo:X:PJIMHBMA_00060 (length 188)
example_data/1/results/prokka/NC_027362.1_caudo/prokka_results_NC_027362.1_caudo:X:PJIMHBMA_00061 (length 223)
example_data/1/results/prokka/NC_027362.1_caudo/prokka_results_NC_027362.1_caudo:X:PJIMHBMA_6 (length 8000)
example_data/1/results/prokka/NC_027362.1_caudo/prokka_results_NC_027362.1_caudo:X:PJIMHBMA_00062 (length 54)
example_data/1/results/prokka/NC_027362.1_caudo/prokka_results_NC_027362.1_caudo:X:PJIMHBMA_00063 (length 921)
example_data/1/results/prokka/NC_027362.1_caudo/prokka_results_NC_027362.1_caudo:X:PJIMHBMA_00064 (length 315)
example_data/1/results/prokka/NC_027362.1_caudo/prokka_results_NC_027362.1_caudo:X:PJIMHBMA_00065 (length 385)
example_data/1/results/prokka/NC_027362.1_caudo/prokka_results_NC_027362.1_caudo:X:PJIMHBMA_00066 (length 272)
example_data/1/results/prokka/NC_027362.1_caudo/prokka_results_NC_027362.1_caudo:X:PJIMHBMA_00067 (length 87)
example_data/1/results/prokka/NC_027362.1_caudo/prokka_results_NC_027362.1_caudo:X:PJIMHBMA_00068 (length 265)
example_data/1/results/prokka/NC_027362.1_caudo/prokka_results_NC_027362.1_caudo:X:PJIMHBMA_00069 (length 285)
example_data/1/results/prokka/NC_027362.1_caudo/prokka_results_NC_027362.1_caudo:X:PJIMHBMA_7 (length 8000, 2 other)
example_data/1/results/prokka/NC_027362.1_caudo/prokka_results_NC_027362.1_caudo:X:PJIMHBMA_00070 (length 503)
example_data/1/results/prokka/NC_027362.1_caudo/prokka_results_NC_027362.1_caudo:X:PJIMHBMA_00071 (length 441)
example_data/1/results/prokka/NC_027362.1_caudo/prokka_results_NC_027362.1_caudo:X:PJIMHBMA_00072 (length 251)
example_data/1/results/prokka/NC_027362.1_caudo/prokka_results_NC_027362.1_caudo:X:PJIMHBMA_00073 (length 186)
example_data/1/results/prokka/NC_027362.1_caudo/prokka_results_NC_027362.1_caudo:X:PJIMHBMA_00074 (length 315)
example_data/1/results/prokka/NC_027362.1_caudo/prokka_results_NC_027362.1_caudo:X:PJIMHBMA_00075 (length 153)
example_data/1/results/prokka/NC_027362.1_caudo/prokka_results_NC_027362.1_caudo:X:PJIMHBMA_00076 (length 115)
example_data/1/results/prokka/NC_027362.1_caudo/prokka_results_NC_027362.1_caudo:X:PJIMHBMA_00077 (length 92)
example_data/1/results/prokka/NC_027362.1_caudo/prokka_results_NC_027362.1_caudo:X:PJIMHBMA_00078 (length 123)
example_data/1/results/prokka/NC_027362.1_caudo/prokka_results_NC_027362.1_caudo:X:PJIMHBMA_00079 (length 210)
example_data/1/results/prokka/NC_027362.1_caudo/prokka_results_NC_027362.1_caudo:X:PJIMHBMA_00080 (length 98)
example_data/1/results/prokka/NC_027362.1_caudo/prokka_results_NC_027362.1_caudo:X:PJIMHBMA_8 (length 8000, 1 other)
example_data/1/results/prokka/NC_027362.1_caudo/prokka_results_NC_027362.1_caudo:X:PJIMHBMA_00081 (length 199)
example_data/1/results/prokka/NC_027362.1_caudo/prokka_results_NC_027362.1_caudo:X:PJIMHBMA_00082 (length 285)
example_data/1/results/prokka/NC_027362.1_caudo/prokka_results_NC_027362.1_caudo:X:PJIMHBMA_00083 (length 132)
example_data/1/results/prokka/NC_027362.1_caudo/prokka_results_NC_027362.1_caudo:X:PJIMHBMA_00084 (length 164)
example_data/1/results/prokka/NC_027362.1_caudo/prokka_results_NC_027362.1_caudo:X:PJIMHBMA_00085 (length 132)
example_data/1/results/prokka/NC_027362.1_caudo/prokka_results_NC_027362.1_caudo:X:PJIMHBMA_00086 (length 91)
example_data/1/results/prokka/NC_027362.1_caudo/prokka_results_NC_027362.1_caudo:X:PJIMHBMA_00087 (length 106)
example_data/1/results/prokka/NC_027362.1_caudo/prokka_results_NC_027362.1_caudo:X:PJIMHBMA_00088 (length 346)
example_data/1/results/prokka/NC_027362.1_caudo/prokka_results_NC_027362.1_caudo:X:PJIMHBMA_00089 (length 64)
example_data/1/results/prokka/NC_027362.1_caudo/prokka_results_NC_027362.1_caudo:X:PJIMHBMA_00090 (length 185)
example_data/1/results/prokka/NC_027362.1_caudo/prokka_results_NC_027362.1_caudo:X:PJIMHBMA_00091 (length 188)
example_data/1/results/prokka/NC_027362.1_caudo/prokka_results_NC_027362.1_caudo:X:PJIMHBMA_00092 (length 223)
example_data/1/results/prokka/NC_027362.1_caudo/prokka_results_NC_027362.1_caudo:X:PJIMHBMA_00093 (length 58)
example_data/1/results/prokka/NC_027362.1_caudo/prokka_results_NC_027362.1_caudo:X:PJIMHBMA_00094 (length 285)
example_data/1/results/prokka/NC_027362.1_caudo/prokka_results_NC_027362.1_caudo:X:PJIMHBMA_9 (length 8000, 1 other)
example_data/1/results/prokka/NC_027362.1_caudo/prokka_results_NC_027362.1_caudo:X:PJIMHBMA_00095 (length 91)
example_data/1/results/prokka/NC_027362.1_caudo/prokka_results_NC_027362.1_caudo:X:PJIMHBMA_00096 (length 106)
example_data/1/results/prokka/NC_027362.1_caudo/prokka_results_NC_027362.1_caudo:X:PJIMHBMA_00097 (length 346)
example_data/1/results/prokka/NC_027362.1_caudo/prokka_results_NC_027362.1_caudo:X:PJIMHBMA_00098 (length 64)
example_data/1/results/prokka/NC_027362.1_caudo/prokka_results_NC_027362.1_caudo:X:PJIMHBMA_00099 (length 185)
example_data/1/results/prokka/NC_027362.1_caudo/prokka_results_NC_027362.1_caudo:X:PJIMHBMA_00100 (length 188)
example_data/1/results/prokka/NC_027362.1_caudo/prokka_results_NC_027362.1_caudo:X:PJIMHBMA_00101 (length 223)
example_data/1/results/prokka/NC_027362.1_caudo/prokka_results_NC_027362.1_caudo:X:PJIMHBMA_00102 (length 58)
example_data/1/results/prokka/NC_027362.1_caudo/prokka_results_NC_027362.1_caudo:X:PJIMHBMA_00103 (length 317)
example_data/1/results/prokka/NC_027362.1_caudo/prokka_results_NC_027362.1_caudo:X:PJIMHBMA_00104 (length 154)
example_data/1/results/prokka/NC_027362.1_caudo/prokka_results_NC_027362.1_caudo:X:PJIMHBMA_00105 (length 136)
example_data/1/results/prokka/NC_027362.1_caudo/prokka_results_NC_027362.1_caudo:X:PJIMHBMA_00106 (length 315)
example_data/1/results/prokka/NC_027362.1_caudo/prokka_results_NC_027362.1_caudo:X:PJIMHBMA_00107 (length 119)
example_data/1/results/prokka/NC_027362.1_caudo/prokka_results_NC_027362.1_caudo:X:PJIMHBMA_00108 (length 67)
example_data/1/results/prokka/NC_027362.1_caudo/prokka_results_NC_027362.1_caudo:X:PJIMHBMA_10 (length 8000, 2 other)
example_data/1/results/prokka/NC_027362.1_caudo/prokka_results_NC_027362.1_caudo:X:PJIMHBMA_00109 (length 198)
example_data/1/results/prokka/NC_027362.1_caudo/prokka_results_NC_027362.1_caudo:X:PJIMHBMA_00110 (length 441)
example_data/1/results/prokka/NC_027362.1_caudo/prokka_results_NC_027362.1_caudo:X:PJIMHBMA_00111 (length 251)
example_data/1/results/prokka/NC_027362.1_caudo/prokka_results_NC_027362.1_caudo:X:PJIMHBMA_00112 (length 186)
example_data/1/results/prokka/NC_027362.1_caudo/prokka_results_NC_027362.1_caudo:X:PJIMHBMA_00113 (length 315)
example_data/1/results/prokka/NC_027362.1_caudo/prokka_results_NC_027362.1_caudo:X:PJIMHBMA_00114 (length 153)
example_data/1/results/prokka/NC_027362.1_caudo/prokka_results_NC_027362.1_caudo:X:PJIMHBMA_00115 (length 115)
example_data/1/results/prokka/NC_027362.1_caudo/prokka_results_NC_027362.1_caudo:X:PJIMHBMA_00116 (length 92)
example_data/1/results/prokka/NC_027362.1_caudo/prokka_results_NC_027362.1_caudo:X:PJIMHBMA_00117 (length 123)
example_data/1/results/prokka/NC_027362.1_caudo/prokka_results_NC_027362.1_caudo:X:PJIMHBMA_00118 (length 210)
example_data/1/results/prokka/NC_027362.1_caudo/prokka_results_NC_027362.1_caudo:X:PJIMHBMA_00119 (length 98)
example_data/1/results/prokka/NC_027362.1_caudo/prokka_results_NC_027362.1_caudo:X:PJIMHBMA_00120 (length 95)

DiscRep_ALL:DISC_INCONSISTENT_MOLINFO_TECH::Molinfo Technique Report (some missing, all same)
DiscRep_SUB:DISC_INCONSISTENT_MOLINFO_TECH::technique (all missing)
DiscRep_SUB:DISC_INCONSISTENT_MOLINFO_TECH::10 Molinfos are missing field technique
example_data/1/results/prokka/NC_027362.1_caudo/prokka_results_NC_027362.1_caudo:X:PJIMHBMA_1 (length 8000)
example_data/1/results/prokka/NC_027362.1_caudo/prokka_results_NC_027362.1_caudo:X:PJIMHBMA_2 (length 8000, 2 other)
example_data/1/results/prokka/NC_027362.1_caudo/prokka_results_NC_027362.1_caudo:X:PJIMHBMA_3 (length 8000, 1 other)
example_data/1/results/prokka/NC_027362.1_caudo/prokka_results_NC_027362.1_caudo:X:PJIMHBMA_4 (length 8000, 1 other)
example_data/1/results/prokka/NC_027362.1_caudo/prokka_results_NC_027362.1_caudo:X:PJIMHBMA_5 (length 8000, 1 other)
example_data/1/results/prokka/NC_027362.1_caudo/prokka_results_NC_027362.1_caudo:X:PJIMHBMA_6 (length 8000)
example_data/1/results/prokka/NC_027362.1_caudo/prokka_results_NC_027362.1_caudo:X:PJIMHBMA_7 (length 8000, 2 other)
example_data/1/results/prokka/NC_027362.1_caudo/prokka_results_NC_027362.1_caudo:X:PJIMHBMA_8 (length 8000, 1 other)
example_data/1/results/prokka/NC_027362.1_caudo/prokka_results_NC_027362.1_caudo:X:PJIMHBMA_9 (length 8000, 1 other)
example_data/1/results/prokka/NC_027362.1_caudo/prokka_results_NC_027362.1_caudo:X:PJIMHBMA_10 (length 8000, 2 other)

